::1 - - [15/Sep/2022:11:42:14 +0000] "POST /[object%20Object]? HTTP/1.1" 404 34
::1 - - [15/Sep/2022:11:47:26 +0000] "OPTIONS /armee? HTTP/1.1" 204 0
::1 - - [15/Sep/2022:11:47:27 +0000] "POST /armee? HTTP/1.1" 201 105
::1 - - [15/Sep/2022:12:01:54 +0000] "OPTIONS /armee? HTTP/1.1" 204 0
::1 - - [15/Sep/2022:12:01:54 +0000] "POST /armee? HTTP/1.1" 201 102
::1 - - [15/Sep/2022:12:02:04 +0000] "OPTIONS /armee/632314329d423724202f9d75? HTTP/1.1" 204 0
::1 - - [15/Sep/2022:12:02:04 +0000] "DELETE /armee/632314329d423724202f9d75? HTTP/1.1" 200 102
::1 - - [15/Sep/2022:12:02:10 +0000] "OPTIONS /armee/632314329d423724202f9d75? HTTP/1.1" 204 0
::1 - - [15/Sep/2022:12:02:10 +0000] "DELETE /armee/632314329d423724202f9d75? HTTP/1.1" 200 4
::1 - - [15/Sep/2022:12:03:49 +0000] "OPTIONS /armee? HTTP/1.1" 204 0
::1 - - [15/Sep/2022:12:03:49 +0000] "POST /armee? HTTP/1.1" 201 94
::1 - - [15/Sep/2022:12:04:02 +0000] "OPTIONS /armee/632314a59d423724202f9d79? HTTP/1.1" 204 0
::1 - - [15/Sep/2022:12:04:02 +0000] "DELETE /armee/632314a59d423724202f9d79? HTTP/1.1" 200 94
::1 - - [15/Sep/2022:12:18:34 +0000] "GET /armee? HTTP/1.1" 200 99
::1 - - [15/Sep/2022:12:25:43 +0000] "GET /armee? HTTP/1.1" 304 -
::1 - - [15/Sep/2022:12:26:48 +0000] "GET /armee? HTTP/1.1" 304 -
::1 - - [15/Sep/2022:12:27:05 +0000] "GET /armee? HTTP/1.1" 304 -
::1 - - [15/Sep/2022:12:42:36 +0000] "GET /armee? HTTP/1.1" 304 -
::1 - - [15/Sep/2022:12:43:02 +0000] "GET /armee? HTTP/1.1" 304 -
::1 - - [15/Sep/2022:12:44:27 +0000] "GET /armee? HTTP/1.1" 304 -
::1 - - [15/Sep/2022:12:47:09 +0000] "GET /armee? HTTP/1.1" 304 -
::1 - - [15/Sep/2022:12:51:48 +0000] "GET /armee? HTTP/1.1" 304 -
::1 - - [15/Sep/2022:12:52:20 +0000] "OPTIONS /armee? HTTP/1.1" 204 0
::1 - - [15/Sep/2022:12:52:20 +0000] "POST /armee? HTTP/1.1" 201 104
::1 - - [15/Sep/2022:12:52:27 +0000] "OPTIONS /armee? HTTP/1.1" 204 0
::1 - - [15/Sep/2022:12:52:27 +0000] "POST /armee? HTTP/1.1" 201 102
::1 - - [15/Sep/2022:12:52:40 +0000] "OPTIONS /armee? HTTP/1.1" 204 0
::1 - - [15/Sep/2022:12:52:40 +0000] "POST /armee? HTTP/1.1" 201 103
::1 - - [15/Sep/2022:12:52:47 +0000] "GET /armee? HTTP/1.1" 200 387
::1 - - [15/Sep/2022:12:53:36 +0000] "GET /armee? HTTP/1.1" 304 -
::1 - - [15/Sep/2022:12:56:04 +0000] "GET /armee? HTTP/1.1" 304 -
::1 - - [15/Sep/2022:12:56:21 +0000] "GET /armee? HTTP/1.1" 304 -
::1 - - [15/Sep/2022:12:56:25 +0000] "GET /armee? HTTP/1.1" 304 -
::1 - - [15/Sep/2022:12:57:25 +0000] "GET /armee? HTTP/1.1" 304 -
::1 - - [15/Sep/2022:12:58:48 +0000] "GET /armee? HTTP/1.1" 304 -
::1 - - [15/Sep/2022:12:59:22 +0000] "GET /armee? HTTP/1.1" 304 -
::1 - - [15/Sep/2022:13:01:11 +0000] "GET /armee? HTTP/1.1" 304 -
::1 - - [15/Sep/2022:13:02:36 +0000] "GET /armee? HTTP/1.1" 304 -
::1 - - [15/Sep/2022:13:03:16 +0000] "GET /armee? HTTP/1.1" 304 -
::1 - - [15/Sep/2022:13:03:38 +0000] "GET /armee? HTTP/1.1" 304 -
::1 - - [15/Sep/2022:13:03:50 +0000] "GET /armee? HTTP/1.1" 304 -
::1 - - [15/Sep/2022:13:04:58 +0000] "GET /armee? HTTP/1.1" 304 -
::1 - - [15/Sep/2022:13:05:14 +0000] "GET /armee? HTTP/1.1" 304 -
::1 - - [15/Sep/2022:13:05:43 +0000] "GET /armee? HTTP/1.1" 304 -
::1 - - [15/Sep/2022:13:06:42 +0000] "GET /armee? HTTP/1.1" 304 -
::1 - - [15/Sep/2022:13:07:37 +0000] "GET /armee? HTTP/1.1" 304 -
::1 - - [15/Sep/2022:13:08:00 +0000] "GET /armee? HTTP/1.1" 304 -
::1 - - [15/Sep/2022:13:08:15 +0000] "GET /armee? HTTP/1.1" 304 -
::1 - - [15/Sep/2022:13:08:47 +0000] "GET /armee? HTTP/1.1" 304 -
::1 - - [15/Sep/2022:13:11:02 +0000] "GET /armee? HTTP/1.1" 304 -
::1 - - [15/Sep/2022:12:17:49 +0000] "GET /armee? HTTP/1.1" 304 -
::1 - - [15/Sep/2022:13:18:56 +0000] "GET /armee? HTTP/1.1" 304 -
::1 - - [15/Sep/2022:13:19:40 +0000] "GET /armee? HTTP/1.1" 304 -
::1 - - [15/Sep/2022:13:20:12 +0000] "OPTIONS /undefined/632320189d423724202f9d89? HTTP/1.1" 204 0
::1 - - [15/Sep/2022:13:20:12 +0000] "DELETE /undefined/632320189d423724202f9d89? HTTP/1.1" 404 34
::1 - - [15/Sep/2022:13:21:38 +0000] "GET /armee? HTTP/1.1" 304 -
::1 - - [15/Sep/2022:13:21:54 +0000] "GET /armee? HTTP/1.1" 304 -
::1 - - [15/Sep/2022:13:22:47 +0000] "GET /armee? HTTP/1.1" 304 -
::1 - - [15/Sep/2022:13:22:55 +0000] "GET /armee? HTTP/1.1" 304 -
::1 - - [15/Sep/2022:13:23:36 +0000] "GET /armee? HTTP/1.1" 304 -
::1 - - [15/Sep/2022:13:24:03 +0000] "GET /armee? HTTP/1.1" 304 -
::1 - - [15/Sep/2022:13:24:13 +0000] "OPTIONS /armee/632320189d423724202f9d89? HTTP/1.1" 204 0
::1 - - [15/Sep/2022:13:24:13 +0000] "DELETE /armee/632320189d423724202f9d89? HTTP/1.1" 200 103
::1 - - [15/Sep/2022:13:25:08 +0000] "GET /armee? HTTP/1.1" 200 291
::1 - - [15/Sep/2022:13:25:15 +0000] "OPTIONS /armee/6323200b9d423724202f9d87? HTTP/1.1" 204 0
::1 - - [15/Sep/2022:13:25:15 +0000] "DELETE /armee/6323200b9d423724202f9d87? HTTP/1.1" 200 102
::1 - - [15/Sep/2022:13:27:24 +0000] "GET /armee? HTTP/1.1" 200 196
::1 - - [15/Sep/2022:13:27:40 +0000] "GET /armee? HTTP/1.1" 304 -
::1 - - [15/Sep/2022:13:27:54 +0000] "OPTIONS /armee/632320049d423724202f9d85? HTTP/1.1" 204 0
::1 - - [15/Sep/2022:13:27:54 +0000] "DELETE /armee/632320049d423724202f9d85? HTTP/1.1" 200 104
::1 - - [15/Sep/2022:13:28:13 +0000] "GET /armee? HTTP/1.1" 200 99
::1 - - [15/Sep/2022:13:28:38 +0000] "GET /armee? HTTP/1.1" 304 -
::1 - - [15/Sep/2022:13:28:42 +0000] "OPTIONS /armee/632310ce9d423724202f9d73? HTTP/1.1" 204 0
::1 - - [15/Sep/2022:13:28:42 +0000] "DELETE /armee/632310ce9d423724202f9d73? HTTP/1.1" 200 105
::1 - - [15/Sep/2022:13:29:00 +0000] "OPTIONS /armee? HTTP/1.1" 204 0
::1 - - [15/Sep/2022:13:29:00 +0000] "POST /armee? HTTP/1.1" 201 104
::1 - - [15/Sep/2022:13:29:07 +0000] "OPTIONS /armee? HTTP/1.1" 204 0
::1 - - [15/Sep/2022:13:29:07 +0000] "POST /armee? HTTP/1.1" 201 104
::1 - - [15/Sep/2022:13:29:21 +0000] "OPTIONS /armee? HTTP/1.1" 204 0
::1 - - [15/Sep/2022:13:29:21 +0000] "POST /armee? HTTP/1.1" 201 102
::1 - - [15/Sep/2022:13:29:42 +0000] "OPTIONS /armee? HTTP/1.1" 204 0
::1 - - [15/Sep/2022:13:29:42 +0000] "POST /armee? HTTP/1.1" 201 103
::1 - - [15/Sep/2022:13:29:50 +0000] "GET /armee? HTTP/1.1" 200 386
::1 - - [15/Sep/2022:13:39:20 +0000] "GET /rmia? HTTP/1.1" 200 2
::1 - - [15/Sep/2022:13:39:20 +0000] "GET /armee? HTTP/1.1" 304 -
::1 - - [15/Sep/2022:13:47:45 +0000] "GET /rmia? HTTP/1.1" 304 -
::1 - - [15/Sep/2022:13:47:45 +0000] "GET /armee? HTTP/1.1" 304 -
::1 - - [15/Sep/2022:13:48:03 +0000] "OPTIONS /rmia? HTTP/1.1" 204 0
::1 - - [15/Sep/2022:13:48:03 +0000] "POST /rmia? HTTP/1.1" 500 354
::1 - - [15/Sep/2022:13:49:27 +0000] "OPTIONS /rmia? HTTP/1.1" 204 0
::1 - - [15/Sep/2022:13:49:28 +0000] "POST /rmia? HTTP/1.1" 500 354
::1 - - [15/Sep/2022:13:54:12 +0000] "GET /rmia? HTTP/1.1" 304 -
::1 - - [15/Sep/2022:13:54:12 +0000] "GET /armee? HTTP/1.1" 304 -
::1 - - [15/Sep/2022:13:56:08 +0000] "GET /rmia? HTTP/1.1" 304 -
::1 - - [15/Sep/2022:13:56:08 +0000] "GET /armee? HTTP/1.1" 304 -
::1 - - [15/Sep/2022:13:56:34 +0000] "OPTIONS /rmia? HTTP/1.1" 204 0
::1 - - [15/Sep/2022:13:56:34 +0000] "POST /rmia? HTTP/1.1" 201 132
::1 - - [15/Sep/2022:13:56:43 +0000] "OPTIONS /rmia? HTTP/1.1" 204 0
::1 - - [15/Sep/2022:13:56:43 +0000] "POST /rmia? HTTP/1.1" 201 132
::1 - - [15/Sep/2022:13:56:48 +0000] "OPTIONS /rmia? HTTP/1.1" 204 0
::1 - - [15/Sep/2022:13:56:48 +0000] "POST /rmia? HTTP/1.1" 201 132
::1 - - [15/Sep/2022:13:56:54 +0000] "OPTIONS /rmia? HTTP/1.1" 204 0
::1 - - [15/Sep/2022:13:56:54 +0000] "POST /rmia? HTTP/1.1" 201 132
::1 - - [15/Sep/2022:13:57:17 +0000] "GET /rmia? HTTP/1.1" 200 501
::1 - - [15/Sep/2022:13:57:17 +0000] "GET /armee? HTTP/1.1" 304 -
::1 - - [15/Sep/2022:13:58:32 +0000] "GET /armee? HTTP/1.1" 304 -
::1 - - [15/Sep/2022:13:58:32 +0000] "GET /rmia? HTTP/1.1" 200 813
::1 - - [15/Sep/2022:13:59:22 +0000] "GET /armee? HTTP/1.1" 304 -
::1 - - [15/Sep/2022:13:59:22 +0000] "GET /rmia? HTTP/1.1" 304 -
::1 - - [15/Sep/2022:14:02:27 +0000] "GET /brigade? HTTP/1.1" 200 2
::1 - - [15/Sep/2022:14:02:27 +0000] "GET /rmia? HTTP/1.1" 304 -
::1 - - [15/Sep/2022:14:03:36 +0000] "GET /brigade? HTTP/1.1" 304 -
::1 - - [15/Sep/2022:14:03:36 +0000] "GET /rmia? HTTP/1.1" 304 -
::1 - - [15/Sep/2022:14:04:09 +0000] "OPTIONS /brigade? HTTP/1.1" 204 0
::1 - - [15/Sep/2022:14:04:10 +0000] "POST /brigade? HTTP/1.1" 201 130
::1 - - [15/Sep/2022:14:04:36 +0000] "OPTIONS /brigade? HTTP/1.1" 204 0
::1 - - [15/Sep/2022:14:04:36 +0000] "POST /brigade? HTTP/1.1" 201 135
::1 - - [15/Sep/2022:14:04:44 +0000] "OPTIONS /brigade? HTTP/1.1" 204 0
::1 - - [15/Sep/2022:14:04:44 +0000] "POST /brigade? HTTP/1.1" 201 135
::1 - - [15/Sep/2022:14:05:01 +0000] "OPTIONS /brigade? HTTP/1.1" 204 0
::1 - - [15/Sep/2022:14:05:01 +0000] "POST /brigade? HTTP/1.1" 201 135
::1 - - [15/Sep/2022:14:05:30 +0000] "OPTIONS /brigade? HTTP/1.1" 204 0
::1 - - [15/Sep/2022:14:05:30 +0000] "POST /brigade? HTTP/1.1" 201 131
::1 - - [15/Sep/2022:14:05:41 +0000] "OPTIONS /brigade? HTTP/1.1" 204 0
::1 - - [15/Sep/2022:14:05:41 +0000] "POST /brigade? HTTP/1.1" 201 135
::1 - - [15/Sep/2022:14:05:50 +0000] "GET /brigade? HTTP/1.1" 200 760
::1 - - [15/Sep/2022:14:05:50 +0000] "GET /rmia? HTTP/1.1" 304 -
::1 - - [15/Sep/2022:14:07:09 +0000] "GET /rmia? HTTP/1.1" 304 -
::1 - - [15/Sep/2022:14:07:09 +0000] "GET /brigade? HTTP/1.1" 200 1396
::1 - - [15/Sep/2022:14:09:43 +0000] "GET /brigade? HTTP/1.1" 304 -
::1 - - [15/Sep/2022:14:09:43 +0000] "GET /rmia? HTTP/1.1" 304 -
::1 - - [15/Sep/2022:16:00:20 +0000] "GET /rmia? HTTP/1.1" 304 -
::1 - - [15/Sep/2022:16:00:20 +0000] "GET /brigade? HTTP/1.1" 304 -
::1 - - [15/Sep/2022:16:00:44 +0000] "OPTIONS /brigade? HTTP/1.1" 204 0
::1 - - [15/Sep/2022:16:00:46 +0000] "POST /brigade? HTTP/1.1" 201 137
::1 - - [15/Sep/2022:16:00:52 +0000] "GET /brigade? HTTP/1.1" 200 1632
::1 - - [15/Sep/2022:16:00:52 +0000] "GET /rmia? HTTP/1.1" 304 -
::1 - - [15/Sep/2022:16:08:18 +0000] "GET /brigade? HTTP/1.1" 304 -
::1 - - [15/Sep/2022:16:08:18 +0000] "GET /rmia? HTTP/1.1" 304 -
::1 - - [15/Sep/2022:16:08:23 +0000] "GET /brigade? HTTP/1.1" 304 -
::1 - - [15/Sep/2022:16:08:23 +0000] "GET /rmia? HTTP/1.1" 304 -
::1 - - [15/Sep/2022:16:08:33 +0000] "OPTIONS /brigade/63234c2dd1445f1e1c016fb6? HTTP/1.1" 204 0
::1 - - [15/Sep/2022:16:08:33 +0000] "DELETE /brigade/63234c2dd1445f1e1c016fb6? HTTP/1.1" 200 137
::1 - - [15/Sep/2022:16:15:34 +0000] "GET /rmia? HTTP/1.1" 304 -
::1 - - [15/Sep/2022:16:15:34 +0000] "GET /brigade? HTTP/1.1" 200 1396
::1 - - [15/Sep/2022:16:17:00 +0000] "GET /armee? HTTP/1.1" 200 386
::1 - - [15/Sep/2022:16:17:07 +0000] "GET /armee? HTTP/1.1" 304 -
::1 - - [15/Sep/2022:16:17:07 +0000] "GET /rmia? HTTP/1.1" 200 813
::1 - - [15/Sep/2022:16:22:27 +0000] "GET /bataillon? HTTP/1.1" 200 2
::1 - - [15/Sep/2022:16:22:27 +0000] "GET /brigade? HTTP/1.1" 304 -
::1 - - [15/Sep/2022:16:24:11 +0000] "GET /bataillon? HTTP/1.1" 304 -
::1 - - [15/Sep/2022:16:24:11 +0000] "GET /brigade? HTTP/1.1" 304 -
::1 - - [15/Sep/2022:16:25:04 +0000] "GET /bataillon? HTTP/1.1" 304 -
::1 - - [15/Sep/2022:16:25:04 +0000] "GET /brigade? HTTP/1.1" 304 -
::1 - - [15/Sep/2022:16:29:02 +0000] "GET /bataillon? HTTP/1.1" 304 -
::1 - - [15/Sep/2022:16:29:02 +0000] "GET /brigade? HTTP/1.1" 304 -
::1 - - [15/Sep/2022:16:30:12 +0000] "GET /bataillon? HTTP/1.1" 304 -
::1 - - [15/Sep/2022:16:30:12 +0000] "GET /brigade? HTTP/1.1" 304 -
::1 - - [15/Sep/2022:16:31:47 +0000] "GET /bataillon? HTTP/1.1" 304 -
::1 - - [15/Sep/2022:16:31:47 +0000] "GET /brigade? HTTP/1.1" 304 -
::1 - - [15/Sep/2022:16:32:13 +0000] "GET /bataillon? HTTP/1.1" 304 -
::1 - - [15/Sep/2022:16:32:13 +0000] "GET /brigade? HTTP/1.1" 304 -
::1 - - [15/Sep/2022:16:33:13 +0000] "GET /brigade? HTTP/1.1" 304 -
::1 - - [15/Sep/2022:16:33:13 +0000] "GET /rmia? HTTP/1.1" 304 -
::1 - - [15/Sep/2022:16:33:21 +0000] "GET /brigade? HTTP/1.1" 304 -
::1 - - [15/Sep/2022:16:33:21 +0000] "GET /rmia? HTTP/1.1" 304 -
::1 - - [15/Sep/2022:16:33:24 +0000] "GET /bataillon? HTTP/1.1" 304 -
::1 - - [15/Sep/2022:16:33:24 +0000] "GET /brigade? HTTP/1.1" 304 -
::1 - - [15/Sep/2022:16:41:23 +0000] "GET /bataillon? HTTP/1.1" 304 -
::1 - - [15/Sep/2022:16:41:23 +0000] "GET /brigade? HTTP/1.1" 304 -
::1 - - [15/Sep/2022:16:43:34 +0000] "GET /bataillon? HTTP/1.1" 304 -
::1 - - [15/Sep/2022:16:43:34 +0000] "GET /brigade? HTTP/1.1" 304 -
::1 - - [15/Sep/2022:15:55:58 +0000] "GET /bataillon? HTTP/1.1" 304 -
::1 - - [15/Sep/2022:15:55:58 +0000] "GET /brigade? HTTP/1.1" 304 -
::1 - - [15/Sep/2022:16:57:15 +0000] "GET /bataillon? HTTP/1.1" 304 -
::1 - - [15/Sep/2022:16:57:15 +0000] "GET /brigade? HTTP/1.1" 304 -
::1 - - [15/Sep/2022:16:58:51 +0000] "GET /bataillon? HTTP/1.1" 304 -
::1 - - [15/Sep/2022:16:58:51 +0000] "GET /brigade? HTTP/1.1" 304 -
::1 - - [15/Sep/2022:16:59:33 +0000] "GET /bataillon? HTTP/1.1" 304 -
::1 - - [15/Sep/2022:16:59:33 +0000] "GET /brigade? HTTP/1.1" 304 -
::1 - - [15/Sep/2022:17:00:00 +0000] "GET /bataillon? HTTP/1.1" 304 -
::1 - - [15/Sep/2022:17:00:00 +0000] "GET /brigade? HTTP/1.1" 304 -
::1 - - [15/Sep/2022:17:00:56 +0000] "OPTIONS /bataillon? HTTP/1.1" 204 0
::1 - - [15/Sep/2022:17:00:56 +0000] "POST /bataillon? HTTP/1.1" 201 130
::1 - - [15/Sep/2022:17:01:11 +0000] "OPTIONS /bataillon? HTTP/1.1" 204 0
::1 - - [15/Sep/2022:17:01:11 +0000] "POST /bataillon? HTTP/1.1" 201 133
::1 - - [15/Sep/2022:17:01:23 +0000] "OPTIONS /bataillon? HTTP/1.1" 204 0
::1 - - [15/Sep/2022:17:01:23 +0000] "POST /bataillon? HTTP/1.1" 201 134
::1 - - [15/Sep/2022:17:01:42 +0000] "OPTIONS /bataillon? HTTP/1.1" 204 0
::1 - - [15/Sep/2022:17:01:42 +0000] "POST /bataillon? HTTP/1.1" 201 137
::1 - - [15/Sep/2022:17:01:59 +0000] "OPTIONS /bataillon? HTTP/1.1" 204 0
::1 - - [15/Sep/2022:17:01:59 +0000] "POST /bataillon? HTTP/1.1" 201 137
::1 - - [15/Sep/2022:17:02:10 +0000] "OPTIONS /bataillon? HTTP/1.1" 204 0
::1 - - [15/Sep/2022:17:02:10 +0000] "POST /bataillon? HTTP/1.1" 201 137
::1 - - [15/Sep/2022:17:02:13 +0000] "GET /bataillon? HTTP/1.1" 200 767
::1 - - [15/Sep/2022:17:02:13 +0000] "GET /brigade? HTTP/1.1" 304 -
::1 - - [15/Sep/2022:17:03:14 +0000] "OPTIONS /bataillon? HTTP/1.1" 204 0
::1 - - [15/Sep/2022:17:03:14 +0000] "POST /bataillon? HTTP/1.1" 201 143
::1 - - [15/Sep/2022:17:03:15 +0000] "GET /bataillon? HTTP/1.1" 200 903
::1 - - [15/Sep/2022:17:03:15 +0000] "GET /brigade? HTTP/1.1" 304 -
::1 - - [15/Sep/2022:17:04:22 +0000] "GET /bataillon? HTTP/1.1" 200 1631
::1 - - [15/Sep/2022:17:04:22 +0000] "GET /brigade? HTTP/1.1" 304 -
::1 - - [15/Sep/2022:17:10:31 +0000] "GET /companie? HTTP/1.1" 404 34
::1 - - [15/Sep/2022:17:10:31 +0000] "GET /bataillon? HTTP/1.1" 304 -
::1 - - [15/Sep/2022:17:12:29 +0000] "GET /companie? HTTP/1.1" 404 34
::1 - - [15/Sep/2022:17:12:29 +0000] "GET /bataillon? HTTP/1.1" 304 -
::1 - - [15/Sep/2022:17:15:11 +0000] "OPTIONS /companie? HTTP/1.1" 204 0
::1 - - [15/Sep/2022:17:15:11 +0000] "POST /companie? HTTP/1.1" 201 132
::1 - - [15/Sep/2022:17:15:16 +0000] "GET /companie? HTTP/1.1" 200 230
::1 - - [15/Sep/2022:17:15:16 +0000] "GET /bataillon? HTTP/1.1" 304 -
::1 - - [15/Sep/2022:17:19:40 +0000] "GET /companie? HTTP/1.1" 304 -
::1 - - [15/Sep/2022:17:19:40 +0000] "GET /bataillon? HTTP/1.1" 304 -
::1 - - [15/Sep/2022:17:20:13 +0000] "GET /companie? HTTP/1.1" 304 -
::1 - - [15/Sep/2022:17:20:13 +0000] "GET /bataillon? HTTP/1.1" 304 -
::1 - - [15/Sep/2022:17:20:16 +0000] "OPTIONS /companie/63235d9f5ce079056c7c1afb? HTTP/1.1" 204 0
::1 - - [15/Sep/2022:17:20:16 +0000] "DELETE /companie/63235d9f5ce079056c7c1afb? HTTP/1.1" 200 132
::1 - - [15/Sep/2022:17:20:44 +0000] "OPTIONS /companie? HTTP/1.1" 204 0
::1 - - [15/Sep/2022:17:20:44 +0000] "POST /companie? HTTP/1.1" 201 130
::1 - - [15/Sep/2022:17:21:08 +0000] "OPTIONS /companie? HTTP/1.1" 204 0
::1 - - [15/Sep/2022:17:21:08 +0000] "POST /companie? HTTP/1.1" 201 134
::1 - - [15/Sep/2022:17:21:19 +0000] "OPTIONS /companie? HTTP/1.1" 204 0
::1 - - [15/Sep/2022:17:21:19 +0000] "POST /companie? HTTP/1.1" 201 131
::1 - - [15/Sep/2022:17:21:25 +0000] "OPTIONS /companie? HTTP/1.1" 204 0
::1 - - [15/Sep/2022:17:21:26 +0000] "POST /companie? HTTP/1.1" 201 129
::1 - - [15/Sep/2022:17:21:34 +0000] "OPTIONS /companie? HTTP/1.1" 204 0
::1 - - [15/Sep/2022:17:21:34 +0000] "POST /companie? HTTP/1.1" 201 131
::1 - - [15/Sep/2022:17:21:40 +0000] "OPTIONS /companie? HTTP/1.1" 204 0
::1 - - [15/Sep/2022:17:21:40 +0000] "POST /companie? HTTP/1.1" 201 130
::1 - - [15/Sep/2022:17:21:57 +0000] "OPTIONS /companie? HTTP/1.1" 204 0
::1 - - [15/Sep/2022:17:21:57 +0000] "POST /companie? HTTP/1.1" 201 130
::1 - - [15/Sep/2022:17:22:05 +0000] "OPTIONS /companie? HTTP/1.1" 204 0
::1 - - [15/Sep/2022:17:22:05 +0000] "POST /companie? HTTP/1.1" 201 130
::1 - - [15/Sep/2022:17:22:24 +0000] "OPTIONS /companie? HTTP/1.1" 204 0
::1 - - [15/Sep/2022:17:22:24 +0000] "POST /companie? HTTP/1.1" 201 131
::1 - - [15/Sep/2022:17:22:36 +0000] "OPTIONS /companie? HTTP/1.1" 204 0
::1 - - [15/Sep/2022:17:22:36 +0000] "POST /companie? HTTP/1.1" 201 131
::1 - - [15/Sep/2022:17:22:55 +0000] "OPTIONS /companie? HTTP/1.1" 204 0
::1 - - [15/Sep/2022:17:22:55 +0000] "POST /companie? HTTP/1.1" 201 130
::1 - - [15/Sep/2022:17:23:09 +0000] "OPTIONS /companie? HTTP/1.1" 204 0
::1 - - [15/Sep/2022:17:23:09 +0000] "POST /companie? HTTP/1.1" 201 131
::1 - - [15/Sep/2022:17:23:17 +0000] "OPTIONS /companie? HTTP/1.1" 204 0
::1 - - [15/Sep/2022:17:23:17 +0000] "POST /companie? HTTP/1.1" 201 130
::1 - - [15/Sep/2022:17:23:23 +0000] "OPTIONS /companie? HTTP/1.1" 204 0
::1 - - [15/Sep/2022:17:23:23 +0000] "POST /companie? HTTP/1.1" 201 130
::1 - - [15/Sep/2022:17:23:36 +0000] "OPTIONS /companie? HTTP/1.1" 204 0
::1 - - [15/Sep/2022:17:23:36 +0000] "POST /companie? HTTP/1.1" 201 132
::1 - - [15/Sep/2022:17:23:45 +0000] "GET /companie? HTTP/1.1" 200 3448
::1 - - [15/Sep/2022:17:23:45 +0000] "GET /bataillon? HTTP/1.1" 304 -
::1 - - [15/Sep/2022:17:24:21 +0000] "GET /companie? HTTP/1.1" 304 -
::1 - - [15/Sep/2022:17:24:21 +0000] "GET /bataillon? HTTP/1.1" 304 -
::1 - - [15/Sep/2022:17:27:28 +0000] "GET /companie? HTTP/1.1" 304 -
::1 - - [15/Sep/2022:17:27:28 +0000] "GET /bataillon? HTTP/1.1" 304 -
::1 - - [15/Sep/2022:17:27:32 +0000] "GET /bataillon? HTTP/1.1" 304 -
::1 - - [15/Sep/2022:17:27:32 +0000] "GET /brigade? HTTP/1.1" 304 -
::1 - - [15/Sep/2022:17:27:39 +0000] "GET /rmia? HTTP/1.1" 304 -
::1 - - [15/Sep/2022:17:27:39 +0000] "GET /brigade? HTTP/1.1" 304 -
::1 - - [15/Sep/2022:17:28:01 +0000] "GET /companie? HTTP/1.1" 304 -
::1 - - [15/Sep/2022:17:28:01 +0000] "GET /bataillon? HTTP/1.1" 304 -
::1 - - [15/Sep/2022:18:05:37 +0000] "GET /rmia? HTTP/1.1" 304 -
::1 - - [15/Sep/2022:18:05:37 +0000] "GET /brigade? HTTP/1.1" 304 -
::1 - - [15/Sep/2022:18:05:37 +0000] "GET /bataillon? HTTP/1.1" 304 -
::1 - - [15/Sep/2022:18:05:37 +0000] "GET /companie? HTTP/1.1" 304 -
::1 - - [15/Sep/2022:18:08:02 +0000] "GET /rmia? HTTP/1.1" 304 -
::1 - - [15/Sep/2022:18:08:02 +0000] "GET /brigade? HTTP/1.1" 304 -
::1 - - [15/Sep/2022:18:08:02 +0000] "GET /bataillon? HTTP/1.1" 304 -
::1 - - [15/Sep/2022:18:08:02 +0000] "GET /companie? HTTP/1.1" 304 -
::1 - - [15/Sep/2022:18:16:25 +0000] "GET /rmia? HTTP/1.1" 304 -
::1 - - [15/Sep/2022:18:16:25 +0000] "GET /brigade? HTTP/1.1" 304 -
::1 - - [15/Sep/2022:18:16:25 +0000] "GET /bataillon? HTTP/1.1" 304 -
::1 - - [15/Sep/2022:18:16:25 +0000] "GET /companie? HTTP/1.1" 304 -
::1 - - [15/Sep/2022:18:18:01 +0000] "GET /rmia? HTTP/1.1" 304 -
::1 - - [15/Sep/2022:18:18:01 +0000] "GET /brigade? HTTP/1.1" 304 -
::1 - - [15/Sep/2022:18:18:01 +0000] "GET /bataillon? HTTP/1.1" 304 -
::1 - - [15/Sep/2022:18:18:01 +0000] "GET /companie? HTTP/1.1" 304 -
::1 - - [15/Sep/2022:18:19:23 +0000] "GET /rmia? HTTP/1.1" 304 -
::1 - - [15/Sep/2022:18:19:23 +0000] "GET /brigade? HTTP/1.1" 304 -
::1 - - [15/Sep/2022:18:19:23 +0000] "GET /bataillon? HTTP/1.1" 304 -
::1 - - [15/Sep/2022:18:19:23 +0000] "GET /companie? HTTP/1.1" 304 -
::1 - - [16/Sep/2022:02:02:39 +0000] "GET /hors_rmia? HTTP/1.1" 200 2
::1 - - [16/Sep/2022:02:03:52 +0000] "GET /hors_rmia? HTTP/1.1" 304 -
::1 - - [16/Sep/2022:02:04:19 +0000] "GET /hors_rmia? HTTP/1.1" 304 -
::1 - - [16/Sep/2022:02:04:59 +0000] "GET /hors_rmia? HTTP/1.1" 304 -
::1 - - [16/Sep/2022:02:05:17 +0000] "GET /hors_rmia? HTTP/1.1" 304 -
::1 - - [16/Sep/2022:02:05:34 +0000] "OPTIONS /hors_rmia? HTTP/1.1" 204 0
::1 - - [16/Sep/2022:02:05:35 +0000] "POST /hors_rmia? HTTP/1.1" 201 107
::1 - - [16/Sep/2022:02:05:43 +0000] "OPTIONS /hors_rmia? HTTP/1.1" 204 0
::1 - - [16/Sep/2022:02:05:43 +0000] "POST /hors_rmia? HTTP/1.1" 201 108
::1 - - [16/Sep/2022:02:06:04 +0000] "OPTIONS /hors_rmia? HTTP/1.1" 204 0
::1 - - [16/Sep/2022:02:06:04 +0000] "POST /hors_rmia? HTTP/1.1" 201 112
::1 - - [16/Sep/2022:02:06:31 +0000] "OPTIONS /hors_rmia? HTTP/1.1" 204 0
::1 - - [16/Sep/2022:02:06:31 +0000] "POST /hors_rmia? HTTP/1.1" 201 113
::1 - - [16/Sep/2022:02:06:48 +0000] "OPTIONS /hors_rmia? HTTP/1.1" 204 0
::1 - - [16/Sep/2022:02:06:48 +0000] "POST /hors_rmia? HTTP/1.1" 201 113
::1 - - [16/Sep/2022:02:07:00 +0000] "OPTIONS /hors_rmia? HTTP/1.1" 204 0
::1 - - [16/Sep/2022:02:07:00 +0000] "POST /hors_rmia? HTTP/1.1" 201 113
::1 - - [16/Sep/2022:02:07:13 +0000] "OPTIONS /hors_rmia? HTTP/1.1" 204 0
::1 - - [16/Sep/2022:02:07:13 +0000] "POST /hors_rmia? HTTP/1.1" 201 113
::1 - - [16/Sep/2022:02:07:25 +0000] "OPTIONS /hors_rmia? HTTP/1.1" 204 0
::1 - - [16/Sep/2022:02:07:25 +0000] "POST /hors_rmia? HTTP/1.1" 201 114
::1 - - [16/Sep/2022:02:07:34 +0000] "OPTIONS /hors_rmia? HTTP/1.1" 204 0
::1 - - [16/Sep/2022:02:07:35 +0000] "POST /hors_rmia? HTTP/1.1" 201 108
::1 - - [16/Sep/2022:02:07:57 +0000] "OPTIONS /hors_rmia? HTTP/1.1" 204 0
::1 - - [16/Sep/2022:02:07:57 +0000] "POST /hors_rmia? HTTP/1.1" 201 113
::1 - - [16/Sep/2022:02:08:22 +0000] "OPTIONS /hors_rmia? HTTP/1.1" 204 0
::1 - - [16/Sep/2022:02:08:22 +0000] "POST /hors_rmia? HTTP/1.1" 201 118
::1 - - [16/Sep/2022:02:08:24 +0000] "GET /hors_rmia? HTTP/1.1" 200 1156
::1 - - [16/Sep/2022:02:10:01 +0000] "GET /hors_rmia? HTTP/1.1" 200 1156
::1 - - [16/Sep/2022:02:14:08 +0000] "GET /hors_rmia? HTTP/1.1" 304 -
::1 - - [16/Sep/2022:02:15:03 +0000] "GET /administration_central? HTTP/1.1" 200 2
::1 - - [16/Sep/2022:02:15:19 +0000] "OPTIONS /administration_central? HTTP/1.1" 204 0
::1 - - [16/Sep/2022:02:15:19 +0000] "POST /administration_central? HTTP/1.1" 201 119
::1 - - [16/Sep/2022:02:15:27 +0000] "OPTIONS /administration_central? HTTP/1.1" 204 0
::1 - - [16/Sep/2022:02:15:27 +0000] "POST /administration_central? HTTP/1.1" 201 109
::1 - - [16/Sep/2022:02:15:42 +0000] "OPTIONS /administration_central? HTTP/1.1" 204 0
::1 - - [16/Sep/2022:02:15:42 +0000] "POST /administration_central? HTTP/1.1" 201 114
::1 - - [16/Sep/2022:02:15:49 +0000] "OPTIONS /administration_central? HTTP/1.1" 204 0
::1 - - [16/Sep/2022:02:15:49 +0000] "POST /administration_central? HTTP/1.1" 201 108
::1 - - [16/Sep/2022:02:15:56 +0000] "OPTIONS /administration_central? HTTP/1.1" 204 0
::1 - - [16/Sep/2022:02:15:56 +0000] "POST /administration_central? HTTP/1.1" 201 108
::1 - - [16/Sep/2022:02:16:01 +0000] "OPTIONS /administration_central? HTTP/1.1" 204 0
::1 - - [16/Sep/2022:02:16:01 +0000] "POST /administration_central? HTTP/1.1" 201 108
::1 - - [16/Sep/2022:02:16:12 +0000] "OPTIONS /administration_central? HTTP/1.1" 204 0
::1 - - [16/Sep/2022:02:16:12 +0000] "POST /administration_central? HTTP/1.1" 201 109
::1 - - [16/Sep/2022:02:16:19 +0000] "OPTIONS /administration_central? HTTP/1.1" 204 0
::1 - - [16/Sep/2022:02:16:19 +0000] "POST /administration_central? HTTP/1.1" 201 108
::1 - - [16/Sep/2022:02:16:24 +0000] "OPTIONS /administration_central? HTTP/1.1" 204 0
::1 - - [16/Sep/2022:02:16:24 +0000] "POST /administration_central? HTTP/1.1" 201 108
::1 - - [16/Sep/2022:02:16:37 +0000] "OPTIONS /administration_central? HTTP/1.1" 204 0
::1 - - [16/Sep/2022:02:16:37 +0000] "POST /administration_central? HTTP/1.1" 201 118
::1 - - [16/Sep/2022:02:16:51 +0000] "OPTIONS /administration_central? HTTP/1.1" 204 0
::1 - - [16/Sep/2022:02:16:51 +0000] "POST /administration_central? HTTP/1.1" 201 114
::1 - - [16/Sep/2022:02:16:57 +0000] "OPTIONS /administration_central? HTTP/1.1" 204 0
::1 - - [16/Sep/2022:02:16:57 +0000] "POST /administration_central? HTTP/1.1" 201 112
::1 - - [16/Sep/2022:02:17:05 +0000] "OPTIONS /administration_central? HTTP/1.1" 204 0
::1 - - [16/Sep/2022:02:17:05 +0000] "POST /administration_central? HTTP/1.1" 201 109
::1 - - [16/Sep/2022:02:17:26 +0000] "OPTIONS /administration_central? HTTP/1.1" 204 0
::1 - - [16/Sep/2022:02:17:26 +0000] "POST /administration_central? HTTP/1.1" 201 109
::1 - - [16/Sep/2022:02:17:36 +0000] "OPTIONS /administration_central? HTTP/1.1" 204 0
::1 - - [16/Sep/2022:02:17:36 +0000] "POST /administration_central? HTTP/1.1" 201 109
::1 - - [16/Sep/2022:02:17:46 +0000] "OPTIONS /administration_central? HTTP/1.1" 204 0
::1 - - [16/Sep/2022:02:17:46 +0000] "POST /administration_central? HTTP/1.1" 201 108
::1 - - [16/Sep/2022:02:17:53 +0000] "OPTIONS /administration_central? HTTP/1.1" 204 0
::1 - - [16/Sep/2022:02:17:53 +0000] "POST /administration_central? HTTP/1.1" 201 109
::1 - - [16/Sep/2022:02:18:01 +0000] "OPTIONS /administration_central? HTTP/1.1" 204 0
::1 - - [16/Sep/2022:02:18:01 +0000] "POST /administration_central? HTTP/1.1" 201 109
::1 - - [16/Sep/2022:02:18:04 +0000] "GET /administration_central? HTTP/1.1" 200 1863
::1 - - [16/Sep/2022:02:21:10 +0000] "GET /administration_central? HTTP/1.1" 304 -
::1 - - [16/Sep/2022:02:21:19 +0000] "OPTIONS /administration_central? HTTP/1.1" 204 0
::1 - - [16/Sep/2022:02:21:19 +0000] "POST /administration_central? HTTP/1.1" 201 108
::1 - - [16/Sep/2022:02:21:35 +0000] "OPTIONS /administration_central? HTTP/1.1" 204 0
::1 - - [16/Sep/2022:02:21:35 +0000] "POST /administration_central? HTTP/1.1" 201 109
::1 - - [16/Sep/2022:02:21:43 +0000] "GET /administration_central? HTTP/1.1" 200 2066
::1 - - [16/Sep/2022:02:32:32 +0000] "GET /hors_rmia? HTTP/1.1" 304 -
::1 - - [16/Sep/2022:02:33:19 +0000] "GET /vehicule_marque? HTTP/1.1" 404 34
::1 - - [16/Sep/2022:02:33:37 +0000] "GET /vehicule_marque? HTTP/1.1" 404 34
::1 - - [16/Sep/2022:02:34:52 +0000] "GET /marque_vehicule? HTTP/1.1" 404 34
::1 - - [16/Sep/2022:02:36:04 +0000] "GET /marque_vehicule? HTTP/1.1" 404 34
::1 - - [16/Sep/2022:01:46:39 +0000] "GET /marquedevehicule? HTTP/1.1" 404 34
::1 - - [16/Sep/2022:01:47:35 +0000] "OPTIONS /marquedevehicule? HTTP/1.1" 204 0
::1 - - [16/Sep/2022:01:47:35 +0000] "POST /marquedevehicule? HTTP/1.1" 404 34
::1 - - [16/Sep/2022:02:44:02 +0000] "GET /marquedevehicule? HTTP/1.1" 404 34
::1 - - [16/Sep/2022:02:44:35 +0000] "GET /armee? HTTP/1.1" 304 -
::1 - - [16/Sep/2022:02:44:35 +0000] "GET /rmia? HTTP/1.1" 304 -
::1 - - [16/Sep/2022:02:44:56 +0000] "GET /marquedevehicule? HTTP/1.1" 404 34
::1 - - [16/Sep/2022:02:46:05 +0000] "GET /marquedevehicule? HTTP/1.1" 404 34
::1 - - [16/Sep/2022:02:48:26 +0000] "GET /marquedevehicule? HTTP/1.1" 404 34
::1 - - [16/Sep/2022:02:49:25 +0000] "GET /marquedevehicule? HTTP/1.1" 404 34
::1 - - [16/Sep/2022:02:49:55 +0000] "GET /bataillon? HTTP/1.1" 304 -
::1 - - [16/Sep/2022:02:49:55 +0000] "GET /brigade? HTTP/1.1" 304 -
::1 - - [16/Sep/2022:02:51:28 +0000] "GET /marquedevehicule? HTTP/1.1" 200 2
::1 - - [16/Sep/2022:02:52:33 +0000] "GET /marquedevehicule? HTTP/1.1" 304 -
::1 - - [16/Sep/2022:02:52:54 +0000] "GET /marquedevehicule? HTTP/1.1" 304 -
::1 - - [16/Sep/2022:02:55:13 +0000] "GET /marquedevehicule? HTTP/1.1" 304 -
::1 - - [16/Sep/2022:02:55:20 +0000] "GET /marquedevehicule? HTTP/1.1" 304 -
::1 - - [16/Sep/2022:02:59:44 +0000] "GET /marquedevehicule? HTTP/1.1" 304 -
::1 - - [16/Sep/2022:02:59:50 +0000] "GET /marquedevehicule? HTTP/1.1" 304 -
::1 - - [16/Sep/2022:03:01:21 +0000] "GET /marquedevehicule? HTTP/1.1" 304 -
::1 - - [16/Sep/2022:03:01:47 +0000] "OPTIONS /marquedevehicule? HTTP/1.1" 204 0
::1 - - [16/Sep/2022:03:01:47 +0000] "POST /marquedevehicule? HTTP/1.1" 201 108
::1 - - [16/Sep/2022:03:02:02 +0000] "OPTIONS /marquedevehicule? HTTP/1.1" 204 0
::1 - - [16/Sep/2022:03:02:02 +0000] "POST /marquedevehicule? HTTP/1.1" 201 104
::1 - - [16/Sep/2022:03:02:15 +0000] "OPTIONS /marquedevehicule? HTTP/1.1" 204 0
::1 - - [16/Sep/2022:03:02:15 +0000] "POST /marquedevehicule? HTTP/1.1" 201 104
::1 - - [16/Sep/2022:03:02:30 +0000] "OPTIONS /marquedevehicule? HTTP/1.1" 204 0
::1 - - [16/Sep/2022:03:02:30 +0000] "POST /marquedevehicule? HTTP/1.1" 201 101
::1 - - [16/Sep/2022:03:02:42 +0000] "OPTIONS /marquedevehicule? HTTP/1.1" 204 0
::1 - - [16/Sep/2022:03:02:42 +0000] "POST /marquedevehicule? HTTP/1.1" 201 100
::1 - - [16/Sep/2022:03:03:16 +0000] "OPTIONS /marquedevehicule? HTTP/1.1" 204 0
::1 - - [16/Sep/2022:03:03:16 +0000] "POST /marquedevehicule? HTTP/1.1" 201 101
::1 - - [16/Sep/2022:03:03:37 +0000] "OPTIONS /marquedevehicule? HTTP/1.1" 204 0
::1 - - [16/Sep/2022:03:03:37 +0000] "POST /marquedevehicule? HTTP/1.1" 201 97
::1 - - [16/Sep/2022:03:03:50 +0000] "OPTIONS /marquedevehicule? HTTP/1.1" 204 0
::1 - - [16/Sep/2022:03:03:50 +0000] "POST /marquedevehicule? HTTP/1.1" 201 93
::1 - - [16/Sep/2022:03:04:02 +0000] "OPTIONS /marquedevehicule? HTTP/1.1" 204 0
::1 - - [16/Sep/2022:03:04:02 +0000] "POST /marquedevehicule? HTTP/1.1" 201 97
::1 - - [16/Sep/2022:03:04:19 +0000] "GET /marquedevehicule? HTTP/1.1" 200 843
::1 - - [16/Sep/2022:03:17:29 +0000] "GET /rmia? HTTP/1.1" 304 -
::1 - - [16/Sep/2022:03:17:29 +0000] "GET /brigade? HTTP/1.1" 304 -
::1 - - [16/Sep/2022:03:17:29 +0000] "GET /bataillon? HTTP/1.1" 304 -
::1 - - [16/Sep/2022:03:17:29 +0000] "GET /companie? HTTP/1.1" 304 -
::1 - - [16/Sep/2022:03:21:13 +0000] "GET /marquedevehicule? HTTP/1.1" 304 -
::1 - - [16/Sep/2022:03:21:19 +0000] "GET /marquedevehicule? HTTP/1.1" 304 -
::1 - - [16/Sep/2022:03:21:19 +0000] "GET /rmia? HTTP/1.1" 304 -
::1 - - [16/Sep/2022:03:21:19 +0000] "GET /hors_rmia? HTTP/1.1" 304 -
::1 - - [16/Sep/2022:03:21:19 +0000] "GET /administration_central? HTTP/1.1" 304 -
::1 - - [16/Sep/2022:03:21:19 +0000] "GET /brigade? HTTP/1.1" 304 -
::1 - - [16/Sep/2022:03:21:19 +0000] "GET /bataillon? HTTP/1.1" 304 -
::1 - - [16/Sep/2022:03:21:19 +0000] "GET /companie? HTTP/1.1" 304 -
::1 - - [16/Sep/2022:03:24:02 +0000] "GET /marquedevehicule? HTTP/1.1" 304 -
::1 - - [16/Sep/2022:03:24:02 +0000] "GET /hors_rmia? HTTP/1.1" 304 -
::1 - - [16/Sep/2022:03:24:02 +0000] "GET /administration_central? HTTP/1.1" 304 -
::1 - - [16/Sep/2022:03:24:02 +0000] "GET /rmia? HTTP/1.1" 304 -
::1 - - [16/Sep/2022:03:24:02 +0000] "GET /brigade? HTTP/1.1" 304 -
::1 - - [16/Sep/2022:03:24:02 +0000] "GET /bataillon? HTTP/1.1" 304 -
::1 - - [16/Sep/2022:03:24:02 +0000] "GET /companie? HTTP/1.1" 304 -
::1 - - [16/Sep/2022:03:47:10 +0000] "GET /rmia? HTTP/1.1" 304 -
::1 - - [16/Sep/2022:03:47:10 +0000] "GET /hors_rmia? HTTP/1.1" 304 -
::1 - - [16/Sep/2022:03:47:10 +0000] "GET /administration_central? HTTP/1.1" 304 -
::1 - - [16/Sep/2022:03:47:10 +0000] "GET /marquedevehicule? HTTP/1.1" 304 -
::1 - - [16/Sep/2022:03:47:10 +0000] "GET /brigade? HTTP/1.1" 304 -
::1 - - [16/Sep/2022:03:47:10 +0000] "GET /bataillon? HTTP/1.1" 304 -
::1 - - [16/Sep/2022:03:47:10 +0000] "GET /companie? HTTP/1.1" 304 -
::1 - - [16/Sep/2022:03:50:15 +0000] "GET /marquedevehicule? HTTP/1.1" 304 -
::1 - - [16/Sep/2022:03:50:15 +0000] "GET /rmia? HTTP/1.1" 304 -
::1 - - [16/Sep/2022:03:50:16 +0000] "GET /hors_rmia? HTTP/1.1" 304 -
::1 - - [16/Sep/2022:03:50:16 +0000] "GET /administration_central? HTTP/1.1" 304 -
::1 - - [16/Sep/2022:03:50:16 +0000] "GET /brigade? HTTP/1.1" 304 -
::1 - - [16/Sep/2022:03:50:16 +0000] "GET /bataillon? HTTP/1.1" 304 -
::1 - - [16/Sep/2022:03:50:16 +0000] "GET /companie? HTTP/1.1" 304 -
::1 - - [16/Sep/2022:03:51:09 +0000] "GET /marquedevehicule? HTTP/1.1" 304 -
::1 - - [16/Sep/2022:03:51:09 +0000] "GET /rmia? HTTP/1.1" 304 -
::1 - - [16/Sep/2022:03:51:09 +0000] "GET /hors_rmia? HTTP/1.1" 304 -
::1 - - [16/Sep/2022:03:51:09 +0000] "GET /administration_central? HTTP/1.1" 304 -
::1 - - [16/Sep/2022:03:51:09 +0000] "GET /brigade? HTTP/1.1" 304 -
::1 - - [16/Sep/2022:03:51:09 +0000] "GET /bataillon? HTTP/1.1" 304 -
::1 - - [16/Sep/2022:03:51:09 +0000] "GET /companie? HTTP/1.1" 304 -
::1 - - [16/Sep/2022:03:53:09 +0000] "GET /marquedevehicule? HTTP/1.1" 304 -
::1 - - [16/Sep/2022:03:53:09 +0000] "GET /rmia? HTTP/1.1" 304 -
::1 - - [16/Sep/2022:03:53:09 +0000] "GET /hors_rmia? HTTP/1.1" 304 -
::1 - - [16/Sep/2022:03:53:09 +0000] "GET /administration_central? HTTP/1.1" 304 -
::1 - - [16/Sep/2022:03:53:09 +0000] "GET /brigade? HTTP/1.1" 304 -
::1 - - [16/Sep/2022:03:53:09 +0000] "GET /bataillon? HTTP/1.1" 304 -
::1 - - [16/Sep/2022:03:53:09 +0000] "GET /companie? HTTP/1.1" 304 -
::1 - - [16/Sep/2022:03:54:12 +0000] "GET /marquedevehicule? HTTP/1.1" 304 -
::1 - - [16/Sep/2022:03:54:12 +0000] "GET /hors_rmia? HTTP/1.1" 304 -
::1 - - [16/Sep/2022:03:54:12 +0000] "GET /administration_central? HTTP/1.1" 304 -
::1 - - [16/Sep/2022:03:54:12 +0000] "GET /rmia? HTTP/1.1" 304 -
::1 - - [16/Sep/2022:03:54:12 +0000] "GET /brigade? HTTP/1.1" 304 -
::1 - - [16/Sep/2022:03:54:12 +0000] "GET /bataillon? HTTP/1.1" 304 -
::1 - - [16/Sep/2022:03:54:12 +0000] "GET /companie? HTTP/1.1" 304 -
::1 - - [16/Sep/2022:03:56:10 +0000] "GET /marquedevehicule? HTTP/1.1" 304 -
::1 - - [16/Sep/2022:03:56:10 +0000] "GET /hors_rmia? HTTP/1.1" 304 -
::1 - - [16/Sep/2022:03:56:10 +0000] "GET /administration_central? HTTP/1.1" 304 -
::1 - - [16/Sep/2022:03:56:10 +0000] "GET /rmia? HTTP/1.1" 304 -
::1 - - [16/Sep/2022:03:56:11 +0000] "GET /brigade? HTTP/1.1" 304 -
::1 - - [16/Sep/2022:03:56:11 +0000] "GET /bataillon? HTTP/1.1" 304 -
::1 - - [16/Sep/2022:03:56:11 +0000] "GET /companie? HTTP/1.1" 304 -
::1 - - [16/Sep/2022:03:57:09 +0000] "GET /marquedevehicule? HTTP/1.1" 304 -
::1 - - [16/Sep/2022:03:57:09 +0000] "GET /hors_rmia? HTTP/1.1" 304 -
::1 - - [16/Sep/2022:03:57:09 +0000] "GET /rmia? HTTP/1.1" 304 -
::1 - - [16/Sep/2022:03:57:09 +0000] "GET /administration_central? HTTP/1.1" 304 -
::1 - - [16/Sep/2022:03:57:09 +0000] "GET /brigade? HTTP/1.1" 304 -
::1 - - [16/Sep/2022:03:57:09 +0000] "GET /bataillon? HTTP/1.1" 304 -
::1 - - [16/Sep/2022:03:57:09 +0000] "GET /companie? HTTP/1.1" 304 -
::1 - - [16/Sep/2022:03:57:57 +0000] "GET /marquedevehicule? HTTP/1.1" 304 -
::1 - - [16/Sep/2022:03:57:57 +0000] "GET /hors_rmia? HTTP/1.1" 304 -
::1 - - [16/Sep/2022:03:57:57 +0000] "GET /rmia? HTTP/1.1" 304 -
::1 - - [16/Sep/2022:03:57:57 +0000] "GET /administration_central? HTTP/1.1" 304 -
::1 - - [16/Sep/2022:03:57:57 +0000] "GET /brigade? HTTP/1.1" 304 -
::1 - - [16/Sep/2022:03:57:57 +0000] "GET /bataillon? HTTP/1.1" 304 -
::1 - - [16/Sep/2022:03:57:57 +0000] "GET /companie? HTTP/1.1" 304 -
::1 - - [16/Sep/2022:04:03:06 +0000] "GET /marquedevehicule? HTTP/1.1" 304 -
::1 - - [16/Sep/2022:04:03:06 +0000] "GET /hors_rmia? HTTP/1.1" 304 -
::1 - - [16/Sep/2022:04:03:06 +0000] "GET /rmia? HTTP/1.1" 304 -
::1 - - [16/Sep/2022:04:03:06 +0000] "GET /administration_central? HTTP/1.1" 304 -
::1 - - [16/Sep/2022:04:03:06 +0000] "GET /brigade? HTTP/1.1" 304 -
::1 - - [16/Sep/2022:04:03:06 +0000] "GET /bataillon? HTTP/1.1" 304 -
::1 - - [16/Sep/2022:04:03:06 +0000] "GET /companie? HTTP/1.1" 304 -
::1 - - [16/Sep/2022:04:06:59 +0000] "GET /marquedevehicule? HTTP/1.1" 304 -
::1 - - [16/Sep/2022:04:06:59 +0000] "GET /hors_rmia? HTTP/1.1" 304 -
::1 - - [16/Sep/2022:04:06:59 +0000] "GET /rmia? HTTP/1.1" 304 -
::1 - - [16/Sep/2022:04:06:59 +0000] "GET /administration_central? HTTP/1.1" 304 -
::1 - - [16/Sep/2022:04:06:59 +0000] "GET /brigade? HTTP/1.1" 304 -
::1 - - [16/Sep/2022:04:06:59 +0000] "GET /bataillon? HTTP/1.1" 304 -
::1 - - [16/Sep/2022:04:06:59 +0000] "GET /companie? HTTP/1.1" 304 -
::1 - - [16/Sep/2022:04:08:03 +0000] "GET /marquedevehicule? HTTP/1.1" 304 -
::1 - - [16/Sep/2022:04:08:03 +0000] "GET /hors_rmia? HTTP/1.1" 304 -
::1 - - [16/Sep/2022:04:08:03 +0000] "GET /rmia? HTTP/1.1" 304 -
::1 - - [16/Sep/2022:04:08:03 +0000] "GET /administration_central? HTTP/1.1" 304 -
::1 - - [16/Sep/2022:04:08:03 +0000] "GET /brigade? HTTP/1.1" 304 -
::1 - - [16/Sep/2022:04:08:03 +0000] "GET /bataillon? HTTP/1.1" 304 -
::1 - - [16/Sep/2022:04:08:03 +0000] "GET /companie? HTTP/1.1" 304 -
::1 - - [16/Sep/2022:04:09:18 +0000] "GET /marquedevehicule? HTTP/1.1" 304 -
::1 - - [16/Sep/2022:04:09:18 +0000] "GET /hors_rmia? HTTP/1.1" 304 -
::1 - - [16/Sep/2022:04:09:18 +0000] "GET /rmia? HTTP/1.1" 304 -
::1 - - [16/Sep/2022:04:09:18 +0000] "GET /administration_central? HTTP/1.1" 304 -
::1 - - [16/Sep/2022:04:09:18 +0000] "GET /brigade? HTTP/1.1" 304 -
::1 - - [16/Sep/2022:04:09:18 +0000] "GET /bataillon? HTTP/1.1" 304 -
::1 - - [16/Sep/2022:04:09:18 +0000] "GET /companie? HTTP/1.1" 304 -
::1 - - [16/Sep/2022:04:12:04 +0000] "GET /marquedevehicule? HTTP/1.1" 304 -
::1 - - [16/Sep/2022:04:12:04 +0000] "GET /hors_rmia? HTTP/1.1" 304 -
::1 - - [16/Sep/2022:04:12:04 +0000] "GET /rmia? HTTP/1.1" 304 -
::1 - - [16/Sep/2022:04:12:04 +0000] "GET /administration_central? HTTP/1.1" 304 -
::1 - - [16/Sep/2022:04:12:04 +0000] "GET /brigade? HTTP/1.1" 304 -
::1 - - [16/Sep/2022:04:12:04 +0000] "GET /bataillon? HTTP/1.1" 304 -
::1 - - [16/Sep/2022:04:12:04 +0000] "GET /companie? HTTP/1.1" 304 -
::1 - - [16/Sep/2022:04:14:57 +0000] "GET /marquedevehicule? HTTP/1.1" 304 -
::1 - - [16/Sep/2022:04:14:57 +0000] "GET /rmia? HTTP/1.1" 304 -
::1 - - [16/Sep/2022:04:14:57 +0000] "GET /hors_rmia? HTTP/1.1" 304 -
::1 - - [16/Sep/2022:04:14:57 +0000] "GET /administration_central? HTTP/1.1" 304 -
::1 - - [16/Sep/2022:04:14:57 +0000] "GET /brigade? HTTP/1.1" 304 -
::1 - - [16/Sep/2022:04:14:57 +0000] "GET /bataillon? HTTP/1.1" 304 -
::1 - - [16/Sep/2022:04:14:57 +0000] "GET /companie? HTTP/1.1" 304 -
::1 - - [16/Sep/2022:04:18:22 +0000] "GET /marquedevehicule? HTTP/1.1" 304 -
::1 - - [16/Sep/2022:04:18:22 +0000] "GET /hors_rmia? HTTP/1.1" 304 -
::1 - - [16/Sep/2022:04:18:22 +0000] "GET /administration_central? HTTP/1.1" 304 -
::1 - - [16/Sep/2022:04:18:22 +0000] "GET /rmia? HTTP/1.1" 304 -
::1 - - [16/Sep/2022:04:18:22 +0000] "GET /brigade? HTTP/1.1" 304 -
::1 - - [16/Sep/2022:04:18:22 +0000] "GET /bataillon? HTTP/1.1" 304 -
::1 - - [16/Sep/2022:04:18:22 +0000] "GET /companie? HTTP/1.1" 304 -
::1 - - [16/Sep/2022:04:19:47 +0000] "GET /marquedevehicule? HTTP/1.1" 304 -
::1 - - [16/Sep/2022:04:19:47 +0000] "GET /hors_rmia? HTTP/1.1" 304 -
::1 - - [16/Sep/2022:04:19:47 +0000] "GET /rmia? HTTP/1.1" 304 -
::1 - - [16/Sep/2022:04:19:47 +0000] "GET /administration_central? HTTP/1.1" 304 -
::1 - - [16/Sep/2022:04:19:47 +0000] "GET /brigade? HTTP/1.1" 304 -
::1 - - [16/Sep/2022:04:19:48 +0000] "GET /bataillon? HTTP/1.1" 304 -
::1 - - [16/Sep/2022:04:19:48 +0000] "GET /companie? HTTP/1.1" 304 -
::1 - - [16/Sep/2022:04:28:39 +0000] "GET /marquedevehicule? HTTP/1.1" 304 -
::1 - - [16/Sep/2022:04:28:39 +0000] "GET /rmia? HTTP/1.1" 304 -
::1 - - [16/Sep/2022:04:28:39 +0000] "GET /hors_rmia? HTTP/1.1" 304 -
::1 - - [16/Sep/2022:04:28:39 +0000] "GET /administration_central? HTTP/1.1" 304 -
::1 - - [16/Sep/2022:04:28:39 +0000] "GET /brigade? HTTP/1.1" 304 -
::1 - - [16/Sep/2022:04:28:39 +0000] "GET /bataillon? HTTP/1.1" 304 -
::1 - - [16/Sep/2022:04:28:39 +0000] "GET /companie? HTTP/1.1" 304 -
::1 - - [16/Sep/2022:04:35:46 +0000] "GET /marquedevehicule? HTTP/1.1" 304 -
::1 - - [16/Sep/2022:04:35:46 +0000] "GET /hors_rmia? HTTP/1.1" 304 -
::1 - - [16/Sep/2022:04:35:46 +0000] "GET /administration_central? HTTP/1.1" 304 -
::1 - - [16/Sep/2022:04:35:46 +0000] "GET /rmia? HTTP/1.1" 304 -
::1 - - [16/Sep/2022:04:35:46 +0000] "GET /brigade? HTTP/1.1" 304 -
::1 - - [16/Sep/2022:04:35:46 +0000] "GET /bataillon? HTTP/1.1" 304 -
::1 - - [16/Sep/2022:04:35:46 +0000] "GET /companie? HTTP/1.1" 304 -
::1 - - [16/Sep/2022:04:39:40 +0000] "GET /marquedevehicule? HTTP/1.1" 304 -
::1 - - [16/Sep/2022:04:39:40 +0000] "GET /hors_rmia? HTTP/1.1" 304 -
::1 - - [16/Sep/2022:04:39:40 +0000] "GET /administration_central? HTTP/1.1" 304 -
::1 - - [16/Sep/2022:04:39:40 +0000] "GET /rmia? HTTP/1.1" 304 -
::1 - - [16/Sep/2022:04:39:40 +0000] "GET /brigade? HTTP/1.1" 304 -
::1 - - [16/Sep/2022:04:39:40 +0000] "GET /bataillon? HTTP/1.1" 304 -
::1 - - [16/Sep/2022:04:39:40 +0000] "GET /companie? HTTP/1.1" 304 -
::1 - - [16/Sep/2022:04:41:23 +0000] "GET /marquedevehicule? HTTP/1.1" 304 -
::1 - - [16/Sep/2022:04:41:23 +0000] "GET /hors_rmia? HTTP/1.1" 304 -
::1 - - [16/Sep/2022:04:41:23 +0000] "GET /rmia? HTTP/1.1" 304 -
::1 - - [16/Sep/2022:04:41:23 +0000] "GET /administration_central? HTTP/1.1" 304 -
::1 - - [16/Sep/2022:04:41:23 +0000] "GET /brigade? HTTP/1.1" 304 -
::1 - - [16/Sep/2022:04:41:23 +0000] "GET /bataillon? HTTP/1.1" 304 -
::1 - - [16/Sep/2022:04:41:23 +0000] "GET /companie? HTTP/1.1" 304 -
::1 - - [16/Sep/2022:04:54:50 +0000] "GET /marquedevehicule? HTTP/1.1" 304 -
::1 - - [16/Sep/2022:04:54:50 +0000] "GET /hors_rmia? HTTP/1.1" 304 -
::1 - - [16/Sep/2022:04:54:50 +0000] "GET /rmia? HTTP/1.1" 304 -
::1 - - [16/Sep/2022:04:54:50 +0000] "GET /administration_central? HTTP/1.1" 304 -
::1 - - [16/Sep/2022:04:54:50 +0000] "GET /brigade? HTTP/1.1" 304 -
::1 - - [16/Sep/2022:04:54:50 +0000] "GET /bataillon? HTTP/1.1" 304 -
::1 - - [16/Sep/2022:04:54:50 +0000] "GET /companie? HTTP/1.1" 304 -
::1 - - [16/Sep/2022:05:05:05 +0000] "GET /marquedevehicule? HTTP/1.1" 304 -
::1 - - [16/Sep/2022:05:05:05 +0000] "GET /hors_rmia? HTTP/1.1" 304 -
::1 - - [16/Sep/2022:05:05:05 +0000] "GET /administration_central? HTTP/1.1" 304 -
::1 - - [16/Sep/2022:05:05:05 +0000] "GET /rmia? HTTP/1.1" 304 -
::1 - - [16/Sep/2022:05:05:05 +0000] "GET /brigade? HTTP/1.1" 304 -
::1 - - [16/Sep/2022:05:05:05 +0000] "GET /bataillon? HTTP/1.1" 304 -
::1 - - [16/Sep/2022:05:05:05 +0000] "GET /companie? HTTP/1.1" 304 -
::1 - - [16/Sep/2022:05:06:10 +0000] "GET /marquedevehicule? HTTP/1.1" 304 -
::1 - - [16/Sep/2022:05:06:10 +0000] "GET /hors_rmia? HTTP/1.1" 304 -
::1 - - [16/Sep/2022:05:06:10 +0000] "GET /rmia? HTTP/1.1" 304 -
::1 - - [16/Sep/2022:05:06:10 +0000] "GET /administration_central? HTTP/1.1" 304 -
::1 - - [16/Sep/2022:05:06:10 +0000] "GET /brigade? HTTP/1.1" 304 -
::1 - - [16/Sep/2022:05:06:10 +0000] "GET /bataillon? HTTP/1.1" 304 -
::1 - - [16/Sep/2022:05:06:10 +0000] "GET /companie? HTTP/1.1" 304 -
::1 - - [16/Sep/2022:05:09:50 +0000] "GET /marquedevehicule? HTTP/1.1" 304 -
::1 - - [16/Sep/2022:05:09:50 +0000] "GET /hors_rmia? HTTP/1.1" 304 -
::1 - - [16/Sep/2022:05:09:50 +0000] "GET /rmia? HTTP/1.1" 304 -
::1 - - [16/Sep/2022:05:09:50 +0000] "GET /administration_central? HTTP/1.1" 304 -
::1 - - [16/Sep/2022:05:09:50 +0000] "GET /brigade? HTTP/1.1" 304 -
::1 - - [16/Sep/2022:05:09:50 +0000] "GET /bataillon? HTTP/1.1" 304 -
::1 - - [16/Sep/2022:05:09:50 +0000] "GET /companie? HTTP/1.1" 304 -
::1 - - [16/Sep/2022:05:10:12 +0000] "GET /marquedevehicule? HTTP/1.1" 304 -
::1 - - [16/Sep/2022:05:10:12 +0000] "GET /rmia? HTTP/1.1" 304 -
::1 - - [16/Sep/2022:05:10:12 +0000] "GET /hors_rmia? HTTP/1.1" 304 -
::1 - - [16/Sep/2022:05:10:12 +0000] "GET /administration_central? HTTP/1.1" 304 -
::1 - - [16/Sep/2022:05:10:12 +0000] "GET /brigade? HTTP/1.1" 304 -
::1 - - [16/Sep/2022:05:10:12 +0000] "GET /bataillon? HTTP/1.1" 304 -
::1 - - [16/Sep/2022:05:10:12 +0000] "GET /companie? HTTP/1.1" 304 -
::1 - - [16/Sep/2022:05:12:59 +0000] "GET /marquedevehicule? HTTP/1.1" 304 -
::1 - - [16/Sep/2022:05:12:59 +0000] "GET /hors_rmia? HTTP/1.1" 304 -
::1 - - [16/Sep/2022:05:12:59 +0000] "GET /rmia? HTTP/1.1" 304 -
::1 - - [16/Sep/2022:05:12:59 +0000] "GET /administration_central? HTTP/1.1" 304 -
::1 - - [16/Sep/2022:05:12:59 +0000] "GET /brigade? HTTP/1.1" 304 -
::1 - - [16/Sep/2022:05:12:59 +0000] "GET /bataillon? HTTP/1.1" 304 -
::1 - - [16/Sep/2022:05:12:59 +0000] "GET /companie? HTTP/1.1" 304 -
::1 - - [16/Sep/2022:05:14:34 +0000] "GET /marquedevehicule? HTTP/1.1" 304 -
::1 - - [16/Sep/2022:05:14:34 +0000] "GET /rmia? HTTP/1.1" 304 -
::1 - - [16/Sep/2022:05:14:34 +0000] "GET /hors_rmia? HTTP/1.1" 304 -
::1 - - [16/Sep/2022:05:14:34 +0000] "GET /administration_central? HTTP/1.1" 304 -
::1 - - [16/Sep/2022:05:14:34 +0000] "GET /brigade? HTTP/1.1" 304 -
::1 - - [16/Sep/2022:05:14:34 +0000] "GET /bataillon? HTTP/1.1" 304 -
::1 - - [16/Sep/2022:05:14:35 +0000] "GET /companie? HTTP/1.1" 304 -
::1 - - [16/Sep/2022:05:15:13 +0000] "GET /marquedevehicule? HTTP/1.1" 304 -
::1 - - [16/Sep/2022:05:15:13 +0000] "GET /rmia? HTTP/1.1" 304 -
::1 - - [16/Sep/2022:05:15:13 +0000] "GET /hors_rmia? HTTP/1.1" 304 -
::1 - - [16/Sep/2022:05:15:13 +0000] "GET /administration_central? HTTP/1.1" 304 -
::1 - - [16/Sep/2022:05:15:13 +0000] "GET /brigade? HTTP/1.1" 304 -
::1 - - [16/Sep/2022:05:15:13 +0000] "GET /bataillon? HTTP/1.1" 304 -
::1 - - [16/Sep/2022:05:15:13 +0000] "GET /companie? HTTP/1.1" 304 -
::1 - - [16/Sep/2022:05:22:50 +0000] "GET /marquedevehicule? HTTP/1.1" 304 -
::1 - - [16/Sep/2022:05:22:50 +0000] "GET /hors_rmia? HTTP/1.1" 304 -
::1 - - [16/Sep/2022:05:22:50 +0000] "GET /administration_central? HTTP/1.1" 304 -
::1 - - [16/Sep/2022:05:22:50 +0000] "GET /rmia? HTTP/1.1" 304 -
::1 - - [16/Sep/2022:05:22:50 +0000] "GET /brigade? HTTP/1.1" 304 -
::1 - - [16/Sep/2022:05:22:50 +0000] "GET /bataillon? HTTP/1.1" 304 -
::1 - - [16/Sep/2022:05:22:50 +0000] "GET /companie? HTTP/1.1" 304 -
::1 - - [16/Sep/2022:05:24:34 +0000] "GET /marquedevehicule? HTTP/1.1" 304 -
::1 - - [16/Sep/2022:05:24:34 +0000] "GET /hors_rmia? HTTP/1.1" 304 -
::1 - - [16/Sep/2022:05:24:34 +0000] "GET /administration_central? HTTP/1.1" 304 -
::1 - - [16/Sep/2022:05:24:34 +0000] "GET /rmia? HTTP/1.1" 304 -
::1 - - [16/Sep/2022:05:24:34 +0000] "GET /brigade? HTTP/1.1" 304 -
::1 - - [16/Sep/2022:05:24:34 +0000] "GET /bataillon? HTTP/1.1" 304 -
::1 - - [16/Sep/2022:05:24:34 +0000] "GET /companie? HTTP/1.1" 304 -
::1 - - [16/Sep/2022:06:50:44 +0000] "GET /marquedevehicule? HTTP/1.1" 304 -
::1 - - [16/Sep/2022:06:50:44 +0000] "GET /hors_rmia? HTTP/1.1" 304 -
::1 - - [16/Sep/2022:06:50:44 +0000] "GET /administration_central? HTTP/1.1" 304 -
::1 - - [16/Sep/2022:06:50:45 +0000] "GET /rmia? HTTP/1.1" 304 -
::1 - - [16/Sep/2022:06:50:45 +0000] "GET /brigade? HTTP/1.1" 304 -
::1 - - [16/Sep/2022:06:50:45 +0000] "GET /bataillon? HTTP/1.1" 304 -
::1 - - [16/Sep/2022:06:50:45 +0000] "GET /companie? HTTP/1.1" 304 -
::1 - - [16/Sep/2022:06:53:35 +0000] "GET /marquedevehicule? HTTP/1.1" 304 -
::1 - - [16/Sep/2022:06:53:35 +0000] "GET /hors_rmia? HTTP/1.1" 304 -
::1 - - [16/Sep/2022:06:53:35 +0000] "GET /administration_central? HTTP/1.1" 304 -
::1 - - [16/Sep/2022:06:53:35 +0000] "GET /rmia? HTTP/1.1" 304 -
::1 - - [16/Sep/2022:06:53:35 +0000] "GET /brigade? HTTP/1.1" 304 -
::1 - - [16/Sep/2022:06:53:35 +0000] "GET /bataillon? HTTP/1.1" 304 -
::1 - - [16/Sep/2022:06:53:35 +0000] "GET /companie? HTTP/1.1" 304 -
::1 - - [16/Sep/2022:07:07:43 +0000] "GET /marquedevehicule? HTTP/1.1" 304 -
::1 - - [16/Sep/2022:07:07:43 +0000] "GET /hors_rmia? HTTP/1.1" 304 -
::1 - - [16/Sep/2022:07:07:43 +0000] "GET /administration_central? HTTP/1.1" 304 -
::1 - - [16/Sep/2022:07:07:43 +0000] "GET /rmia? HTTP/1.1" 304 -
::1 - - [16/Sep/2022:07:07:43 +0000] "GET /brigade? HTTP/1.1" 304 -
::1 - - [16/Sep/2022:07:07:43 +0000] "GET /bataillon? HTTP/1.1" 304 -
::1 - - [16/Sep/2022:07:07:43 +0000] "GET /companie? HTTP/1.1" 304 -
::1 - - [16/Sep/2022:07:22:49 +0000] "GET /marquedevehicule? HTTP/1.1" 304 -
::1 - - [16/Sep/2022:07:22:49 +0000] "GET /hors_rmia? HTTP/1.1" 304 -
::1 - - [16/Sep/2022:07:22:49 +0000] "GET /rmia? HTTP/1.1" 304 -
::1 - - [16/Sep/2022:07:22:49 +0000] "GET /administration_central? HTTP/1.1" 304 -
::1 - - [16/Sep/2022:07:22:49 +0000] "GET /brigade? HTTP/1.1" 304 -
::1 - - [16/Sep/2022:07:22:49 +0000] "GET /bataillon? HTTP/1.1" 304 -
::1 - - [16/Sep/2022:07:22:49 +0000] "GET /companie? HTTP/1.1" 304 -
::1 - - [16/Sep/2022:07:27:13 +0000] "GET /marquedevehicule? HTTP/1.1" 304 -
::1 - - [16/Sep/2022:07:27:13 +0000] "GET /hors_rmia? HTTP/1.1" 304 -
::1 - - [16/Sep/2022:07:27:13 +0000] "GET /rmia? HTTP/1.1" 304 -
::1 - - [16/Sep/2022:07:27:13 +0000] "GET /administration_central? HTTP/1.1" 304 -
::1 - - [16/Sep/2022:07:27:13 +0000] "GET /brigade? HTTP/1.1" 304 -
::1 - - [16/Sep/2022:07:27:13 +0000] "GET /bataillon? HTTP/1.1" 304 -
::1 - - [16/Sep/2022:07:27:13 +0000] "GET /companie? HTTP/1.1" 304 -
::1 - - [16/Sep/2022:07:29:16 +0000] "GET /marquedevehicule? HTTP/1.1" 304 -
::1 - - [16/Sep/2022:07:29:16 +0000] "GET /hors_rmia? HTTP/1.1" 304 -
::1 - - [16/Sep/2022:07:29:16 +0000] "GET /administration_central? HTTP/1.1" 304 -
::1 - - [16/Sep/2022:07:29:16 +0000] "GET /rmia? HTTP/1.1" 304 -
::1 - - [16/Sep/2022:07:29:16 +0000] "GET /brigade? HTTP/1.1" 304 -
::1 - - [16/Sep/2022:07:29:16 +0000] "GET /bataillon? HTTP/1.1" 304 -
::1 - - [16/Sep/2022:07:29:16 +0000] "GET /companie? HTTP/1.1" 304 -
::1 - - [16/Sep/2022:07:48:31 +0000] "GET /hors_rmia? HTTP/1.1" 304 -
::1 - - [16/Sep/2022:07:48:31 +0000] "GET /administration_central? HTTP/1.1" 304 -
::1 - - [16/Sep/2022:07:48:31 +0000] "GET /rmia? HTTP/1.1" 304 -
::1 - - [16/Sep/2022:07:48:31 +0000] "GET /marquedevehicule? HTTP/1.1" 304 -
::1 - - [16/Sep/2022:07:48:31 +0000] "GET /brigade? HTTP/1.1" 304 -
::1 - - [16/Sep/2022:07:48:32 +0000] "GET /bataillon? HTTP/1.1" 304 -
::1 - - [16/Sep/2022:07:48:32 +0000] "GET /companie? HTTP/1.1" 304 -
::1 - - [16/Sep/2022:07:50:16 +0000] "OPTIONS /vehicule? HTTP/1.1" 204 0
::1 - - [16/Sep/2022:07:50:18 +0000] "POST /vehicule? HTTP/1.1" 201 473
::1 - - [16/Sep/2022:07:52:09 +0000] "OPTIONS /vehicule? HTTP/1.1" 204 0
::1 - - [16/Sep/2022:07:52:09 +0000] "POST /vehicule? HTTP/1.1" 402 473
::1 - - [16/Sep/2022:07:12:11 +0000] "GET /marquedevehicule? HTTP/1.1" 304 -
::1 - - [16/Sep/2022:07:12:11 +0000] "GET /hors_rmia? HTTP/1.1" 304 -
::1 - - [16/Sep/2022:07:12:11 +0000] "GET /rmia? HTTP/1.1" 304 -
::1 - - [16/Sep/2022:07:12:11 +0000] "GET /administration_central? HTTP/1.1" 304 -
::1 - - [16/Sep/2022:07:12:12 +0000] "GET /brigade? HTTP/1.1" 304 -
::1 - - [16/Sep/2022:07:12:12 +0000] "GET /bataillon? HTTP/1.1" 304 -
::1 - - [16/Sep/2022:07:12:12 +0000] "GET /companie? HTTP/1.1" 304 -
::1 - - [16/Sep/2022:07:13:06 +0000] "OPTIONS /vehicule? HTTP/1.1" 204 0
::1 - - [16/Sep/2022:07:13:06 +0000] "POST /vehicule? HTTP/1.1" 201 478
::1 - - [16/Sep/2022:07:15:50 +0000] "GET /marquedevehicule? HTTP/1.1" 304 -
::1 - - [16/Sep/2022:07:15:50 +0000] "GET /hors_rmia? HTTP/1.1" 304 -
::1 - - [16/Sep/2022:07:15:50 +0000] "GET /rmia? HTTP/1.1" 304 -
::1 - - [16/Sep/2022:07:15:50 +0000] "GET /administration_central? HTTP/1.1" 304 -
::1 - - [16/Sep/2022:07:15:50 +0000] "GET /brigade? HTTP/1.1" 304 -
::1 - - [16/Sep/2022:07:15:50 +0000] "GET /bataillon? HTTP/1.1" 304 -
::1 - - [16/Sep/2022:07:15:50 +0000] "GET /companie? HTTP/1.1" 304 -
::1 - - [16/Sep/2022:07:16:41 +0000] "OPTIONS /vehicule? HTTP/1.1" 204 0
::1 - - [16/Sep/2022:07:16:41 +0000] "POST /vehicule? HTTP/1.1" 201 475
::1 - - [16/Sep/2022:07:21:23 +0000] "GET /vehicule? HTTP/1.1" 200 1406
::1 - - [16/Sep/2022:08:14:23 +0000] "GET /vehicule? HTTP/1.1" 200 2659
::1 - - [16/Sep/2022:08:24:50 +0000] "GET /vehicule? HTTP/1.1" 304 -
::1 - - [16/Sep/2022:08:29:15 +0000] "GET /vehicule? HTTP/1.1" 304 -
::1 - - [16/Sep/2022:08:31:54 +0000] "GET /vehicule? HTTP/1.1" 304 -
::1 - - [16/Sep/2022:08:37:02 +0000] "GET /vehicule? HTTP/1.1" 304 -
::1 - - [16/Sep/2022:08:39:22 +0000] "GET /vehicule? HTTP/1.1" 304 -
::1 - - [16/Sep/2022:08:39:53 +0000] "GET /vehicule? HTTP/1.1" 304 -
::1 - - [16/Sep/2022:08:41:05 +0000] "GET /vehicule? HTTP/1.1" 304 -
::1 - - [16/Sep/2022:09:34:11 +0000] "GET /vehicule? HTTP/1.1" 304 -
::1 - - [16/Sep/2022:09:37:13 +0000] "GET /vehicule? HTTP/1.1" 304 -
::1 - - [16/Sep/2022:09:37:29 +0000] "GET /marquedevehicule? HTTP/1.1" 304 -
::1 - - [16/Sep/2022:09:37:29 +0000] "GET /hors_rmia? HTTP/1.1" 304 -
::1 - - [16/Sep/2022:09:37:29 +0000] "GET /administration_central? HTTP/1.1" 304 -
::1 - - [16/Sep/2022:09:37:29 +0000] "GET /rmia? HTTP/1.1" 304 -
::1 - - [16/Sep/2022:09:37:29 +0000] "GET /brigade? HTTP/1.1" 304 -
::1 - - [16/Sep/2022:09:37:29 +0000] "GET /bataillon? HTTP/1.1" 304 -
::1 - - [16/Sep/2022:09:37:29 +0000] "GET /companie? HTTP/1.1" 304 -
::1 - - [16/Sep/2022:09:41:01 +0000] "GET /vehicule? HTTP/1.1" 304 -
::1 - - [16/Sep/2022:09:41:03 +0000] "GET /marquedevehicule? HTTP/1.1" 304 -
::1 - - [16/Sep/2022:09:41:03 +0000] "GET /hors_rmia? HTTP/1.1" 304 -
::1 - - [16/Sep/2022:09:41:03 +0000] "GET /rmia? HTTP/1.1" 304 -
::1 - - [16/Sep/2022:09:41:03 +0000] "GET /administration_central? HTTP/1.1" 304 -
::1 - - [16/Sep/2022:09:41:04 +0000] "GET /brigade? HTTP/1.1" 304 -
::1 - - [16/Sep/2022:09:41:04 +0000] "GET /bataillon? HTTP/1.1" 304 -
::1 - - [16/Sep/2022:09:41:04 +0000] "GET /companie? HTTP/1.1" 304 -
::1 - - [16/Sep/2022:09:41:27 +0000] "GET /vehicule? HTTP/1.1" 304 -
::1 - - [16/Sep/2022:09:41:28 +0000] "GET /marquedevehicule? HTTP/1.1" 304 -
::1 - - [16/Sep/2022:09:41:28 +0000] "GET /hors_rmia? HTTP/1.1" 304 -
::1 - - [16/Sep/2022:09:41:28 +0000] "GET /administration_central? HTTP/1.1" 304 -
::1 - - [16/Sep/2022:09:41:28 +0000] "GET /rmia? HTTP/1.1" 304 -
::1 - - [16/Sep/2022:09:41:29 +0000] "GET /brigade? HTTP/1.1" 304 -
::1 - - [16/Sep/2022:09:41:29 +0000] "GET /bataillon? HTTP/1.1" 304 -
::1 - - [16/Sep/2022:09:41:29 +0000] "GET /companie? HTTP/1.1" 304 -
::1 - - [16/Sep/2022:09:45:42 +0000] "GET /vehicule? HTTP/1.1" 304 -
::1 - - [16/Sep/2022:09:45:47 +0000] "GET /marquedevehicule? HTTP/1.1" 304 -
::1 - - [16/Sep/2022:09:45:47 +0000] "GET /hors_rmia? HTTP/1.1" 304 -
::1 - - [16/Sep/2022:09:45:47 +0000] "GET /rmia? HTTP/1.1" 304 -
::1 - - [16/Sep/2022:09:45:47 +0000] "GET /administration_central? HTTP/1.1" 304 -
::1 - - [16/Sep/2022:09:45:47 +0000] "GET /brigade? HTTP/1.1" 304 -
::1 - - [16/Sep/2022:09:45:48 +0000] "GET /bataillon? HTTP/1.1" 304 -
::1 - - [16/Sep/2022:09:45:48 +0000] "GET /companie? HTTP/1.1" 304 -
::1 - - [16/Sep/2022:10:04:30 +0000] "GET /vehicule? HTTP/1.1" 304 -
::1 - - [16/Sep/2022:10:04:35 +0000] "GET /marquedevehicule? HTTP/1.1" 304 -
::1 - - [16/Sep/2022:10:04:35 +0000] "GET /rmia? HTTP/1.1" 304 -
::1 - - [16/Sep/2022:10:04:35 +0000] "GET /hors_rmia? HTTP/1.1" 304 -
::1 - - [16/Sep/2022:10:04:35 +0000] "GET /administration_central? HTTP/1.1" 304 -
::1 - - [16/Sep/2022:10:04:35 +0000] "GET /brigade? HTTP/1.1" 304 -
::1 - - [16/Sep/2022:10:04:35 +0000] "GET /bataillon? HTTP/1.1" 304 -
::1 - - [16/Sep/2022:10:04:35 +0000] "GET /companie? HTTP/1.1" 304 -
::1 - - [16/Sep/2022:10:05:38 +0000] "OPTIONS /vehicule? HTTP/1.1" 204 0
::1 - - [16/Sep/2022:10:05:39 +0000] "POST /vehicule? HTTP/1.1" 201 408
::1 - - [16/Sep/2022:10:06:39 +0000] "OPTIONS /vehicule? HTTP/1.1" 204 0
::1 - - [16/Sep/2022:10:06:39 +0000] "POST /vehicule? HTTP/1.1" 201 437
::1 - - [16/Sep/2022:10:06:52 +0000] "GET /vehicule? HTTP/1.1" 200 3746
::1 - - [16/Sep/2022:10:10:08 +0000] "GET /vehicule? HTTP/1.1" 304 -
::1 - - [16/Sep/2022:10:10:15 +0000] "GET /marquedevehicule? HTTP/1.1" 304 -
::1 - - [16/Sep/2022:10:10:15 +0000] "GET /hors_rmia? HTTP/1.1" 304 -
::1 - - [16/Sep/2022:10:10:15 +0000] "GET /rmia? HTTP/1.1" 304 -
::1 - - [16/Sep/2022:10:10:15 +0000] "GET /administration_central? HTTP/1.1" 304 -
::1 - - [16/Sep/2022:10:10:15 +0000] "GET /brigade? HTTP/1.1" 304 -
::1 - - [16/Sep/2022:10:10:15 +0000] "GET /bataillon? HTTP/1.1" 304 -
::1 - - [16/Sep/2022:10:10:15 +0000] "GET /companie? HTTP/1.1" 304 -
::1 - - [16/Sep/2022:10:11:01 +0000] "OPTIONS /vehicule? HTTP/1.1" 204 0
::1 - - [16/Sep/2022:10:11:01 +0000] "POST /vehicule? HTTP/1.1" 201 407
::1 - - [16/Sep/2022:10:11:47 +0000] "OPTIONS /vehicule? HTTP/1.1" 204 0
::1 - - [16/Sep/2022:10:11:47 +0000] "POST /vehicule? HTTP/1.1" 201 405
::1 - - [16/Sep/2022:10:11:53 +0000] "GET /vehicule? HTTP/1.1" 200 4724
::1 - - [18/Sep/2022:00:29:56 +0000] "GET /vehicule? HTTP/1.1" 200 4724
::1 - - [18/Sep/2022:00:34:53 +0000] "GET /vehicule? HTTP/1.1" 304 -
::1 - - [18/Sep/2022:00:35:55 +0000] "GET /vehicule? HTTP/1.1" 304 -
::1 - - [18/Sep/2022:00:36:31 +0000] "GET /vehicule? HTTP/1.1" 304 -
::1 - - [18/Sep/2022:00:38:31 +0000] "GET /vehicule? HTTP/1.1" 304 -
::1 - - [18/Sep/2022:00:39:17 +0000] "GET /vehicule? HTTP/1.1" 304 -
::1 - - [18/Sep/2022:00:47:35 +0000] "GET /vehicule? HTTP/1.1" 304 -
::1 - - [18/Sep/2022:00:47:46 +0000] "GET /hors_rmia? HTTP/1.1" 200 1156
::1 - - [18/Sep/2022:00:47:46 +0000] "GET /administration_central? HTTP/1.1" 200 2066
::1 - - [18/Sep/2022:00:47:47 +0000] "GET /marquedevehicule? HTTP/1.1" 200 843
::1 - - [18/Sep/2022:00:47:47 +0000] "GET /rmia? HTTP/1.1" 200 813
::1 - - [18/Sep/2022:00:47:47 +0000] "GET /brigade? HTTP/1.1" 200 1396
::1 - - [18/Sep/2022:00:47:47 +0000] "GET /bataillon? HTTP/1.1" 200 1631
::1 - - [18/Sep/2022:00:47:47 +0000] "GET /companie? HTTP/1.1" 200 3448
::1 - - [18/Sep/2022:00:47:50 +0000] "GET /vehicule? HTTP/1.1" 304 -
::1 - - [18/Sep/2022:00:49:41 +0000] "GET /vehicule? HTTP/1.1" 304 -
::1 - - [18/Sep/2022:00:50:27 +0000] "GET /vehicule? HTTP/1.1" 304 -
::1 - - [18/Sep/2022:00:50:50 +0000] "GET /vehicule? HTTP/1.1" 304 -
::1 - - [18/Sep/2022:00:52:21 +0000] "GET /vehicule? HTTP/1.1" 304 -
::1 - - [18/Sep/2022:00:53:50 +0000] "GET /vehicule? HTTP/1.1" 304 -
::1 - - [18/Sep/2022:00:54:34 +0000] "GET /vehicule? HTTP/1.1" 304 -
::1 - - [18/Sep/2022:00:57:57 +0000] "GET /vehicule? HTTP/1.1" 304 -
::1 - - [18/Sep/2022:00:59:11 +0000] "GET /vehicule? HTTP/1.1" 304 -
::1 - - [18/Sep/2022:01:01:25 +0000] "GET /vehicule? HTTP/1.1" 304 -
::1 - - [18/Sep/2022:01:02:21 +0000] "GET /vehicule? HTTP/1.1" 304 -
::1 - - [18/Sep/2022:01:04:43 +0000] "GET /vehicule? HTTP/1.1" 304 -
::1 - - [18/Sep/2022:01:18:27 +0000] "GET /vehicule? HTTP/1.1" 304 -
::1 - - [18/Sep/2022:01:18:30 +0000] "GET /marquedevehicule? HTTP/1.1" 304 -
::1 - - [18/Sep/2022:01:18:30 +0000] "GET /administration_central? HTTP/1.1" 304 -
::1 - - [18/Sep/2022:01:18:30 +0000] "GET /hors_rmia? HTTP/1.1" 304 -
::1 - - [18/Sep/2022:01:18:30 +0000] "GET /rmia? HTTP/1.1" 304 -
::1 - - [18/Sep/2022:01:18:30 +0000] "GET /brigade? HTTP/1.1" 304 -
::1 - - [18/Sep/2022:01:18:30 +0000] "GET /bataillon? HTTP/1.1" 304 -
::1 - - [18/Sep/2022:01:18:31 +0000] "GET /companie? HTTP/1.1" 304 -
::1 - - [18/Sep/2022:01:19:40 +0000] "GET /vehicule? HTTP/1.1" 304 -
::1 - - [18/Sep/2022:01:19:42 +0000] "GET /marquedevehicule? HTTP/1.1" 304 -
::1 - - [18/Sep/2022:01:19:42 +0000] "GET /hors_rmia? HTTP/1.1" 304 -
::1 - - [18/Sep/2022:01:19:42 +0000] "GET /administration_central? HTTP/1.1" 304 -
::1 - - [18/Sep/2022:01:19:42 +0000] "GET /rmia? HTTP/1.1" 304 -
::1 - - [18/Sep/2022:01:19:43 +0000] "GET /brigade? HTTP/1.1" 304 -
::1 - - [18/Sep/2022:01:19:43 +0000] "GET /bataillon? HTTP/1.1" 304 -
::1 - - [18/Sep/2022:01:19:43 +0000] "GET /companie? HTTP/1.1" 304 -
::1 - - [18/Sep/2022:01:25:39 +0000] "GET /vehicule? HTTP/1.1" 304 -
::1 - - [18/Sep/2022:01:25:43 +0000] "GET /marquedevehicule? HTTP/1.1" 304 -
::1 - - [18/Sep/2022:01:25:43 +0000] "GET /hors_rmia? HTTP/1.1" 304 -
::1 - - [18/Sep/2022:01:25:43 +0000] "GET /rmia? HTTP/1.1" 304 -
::1 - - [18/Sep/2022:01:25:43 +0000] "GET /administration_central? HTTP/1.1" 304 -
::1 - - [18/Sep/2022:01:25:43 +0000] "GET /brigade? HTTP/1.1" 304 -
::1 - - [18/Sep/2022:01:25:43 +0000] "GET /bataillon? HTTP/1.1" 304 -
::1 - - [18/Sep/2022:01:25:43 +0000] "GET /companie? HTTP/1.1" 304 -
::1 - - [18/Sep/2022:01:26:35 +0000] "GET /vehicule? HTTP/1.1" 304 -
::1 - - [18/Sep/2022:01:26:37 +0000] "GET /marquedevehicule? HTTP/1.1" 304 -
::1 - - [18/Sep/2022:01:26:37 +0000] "GET /hors_rmia? HTTP/1.1" 304 -
::1 - - [18/Sep/2022:01:26:37 +0000] "GET /administration_central? HTTP/1.1" 304 -
::1 - - [18/Sep/2022:01:26:37 +0000] "GET /rmia? HTTP/1.1" 304 -
::1 - - [18/Sep/2022:01:26:37 +0000] "GET /brigade? HTTP/1.1" 304 -
::1 - - [18/Sep/2022:01:26:37 +0000] "GET /bataillon? HTTP/1.1" 304 -
::1 - - [18/Sep/2022:01:26:37 +0000] "GET /companie? HTTP/1.1" 304 -
::1 - - [18/Sep/2022:01:31:59 +0000] "GET /vehicule? HTTP/1.1" 304 -
::1 - - [18/Sep/2022:01:32:03 +0000] "GET /marquedevehicule? HTTP/1.1" 304 -
::1 - - [18/Sep/2022:01:32:03 +0000] "GET /rmia? HTTP/1.1" 304 -
::1 - - [18/Sep/2022:01:32:03 +0000] "GET /hors_rmia? HTTP/1.1" 304 -
::1 - - [18/Sep/2022:01:32:03 +0000] "GET /administration_central? HTTP/1.1" 304 -
::1 - - [18/Sep/2022:01:32:03 +0000] "GET /brigade? HTTP/1.1" 304 -
::1 - - [18/Sep/2022:01:32:03 +0000] "GET /bataillon? HTTP/1.1" 304 -
::1 - - [18/Sep/2022:01:32:03 +0000] "GET /companie? HTTP/1.1" 304 -
::1 - - [18/Sep/2022:01:33:50 +0000] "GET /vehicule? HTTP/1.1" 304 -
::1 - - [18/Sep/2022:01:33:51 +0000] "GET /marquedevehicule? HTTP/1.1" 304 -
::1 - - [18/Sep/2022:01:33:51 +0000] "GET /hors_rmia? HTTP/1.1" 304 -
::1 - - [18/Sep/2022:01:33:51 +0000] "GET /rmia? HTTP/1.1" 304 -
::1 - - [18/Sep/2022:01:33:51 +0000] "GET /administration_central? HTTP/1.1" 304 -
::1 - - [18/Sep/2022:01:33:51 +0000] "GET /brigade? HTTP/1.1" 304 -
::1 - - [18/Sep/2022:01:33:51 +0000] "GET /bataillon? HTTP/1.1" 304 -
::1 - - [18/Sep/2022:01:33:51 +0000] "GET /companie? HTTP/1.1" 304 -
::1 - - [18/Sep/2022:01:45:07 +0000] "GET /vehicule? HTTP/1.1" 304 -
::1 - - [18/Sep/2022:01:45:09 +0000] "GET /marquedevehicule? HTTP/1.1" 304 -
::1 - - [18/Sep/2022:01:45:09 +0000] "GET /rmia? HTTP/1.1" 304 -
::1 - - [18/Sep/2022:01:45:09 +0000] "GET /hors_rmia? HTTP/1.1" 304 -
::1 - - [18/Sep/2022:01:45:09 +0000] "GET /administration_central? HTTP/1.1" 304 -
::1 - - [18/Sep/2022:01:45:09 +0000] "GET /brigade? HTTP/1.1" 304 -
::1 - - [18/Sep/2022:01:45:10 +0000] "GET /bataillon? HTTP/1.1" 304 -
::1 - - [18/Sep/2022:01:45:10 +0000] "GET /companie? HTTP/1.1" 304 -
::1 - - [18/Sep/2022:01:45:46 +0000] "GET /marquedevehicule? HTTP/1.1" 304 -
::1 - - [18/Sep/2022:01:45:46 +0000] "GET /rmia? HTTP/1.1" 304 -
::1 - - [18/Sep/2022:01:45:46 +0000] "GET /hors_rmia? HTTP/1.1" 304 -
::1 - - [18/Sep/2022:01:45:46 +0000] "GET /administration_central? HTTP/1.1" 304 -
::1 - - [18/Sep/2022:01:45:47 +0000] "GET /brigade? HTTP/1.1" 304 -
::1 - - [18/Sep/2022:01:45:47 +0000] "GET /bataillon? HTTP/1.1" 304 -
::1 - - [18/Sep/2022:01:45:47 +0000] "GET /companie? HTTP/1.1" 304 -
::1 - - [18/Sep/2022:01:46:21 +0000] "GET /vehicule/byQuery?find=[object%20Object] HTTP/1.1" 500 2
::1 - - [18/Sep/2022:01:59:26 +0000] "GET /vehicule? HTTP/1.1" 304 -
::1 - - [18/Sep/2022:01:59:29 +0000] "GET /marquedevehicule? HTTP/1.1" 304 -
::1 - - [18/Sep/2022:01:59:29 +0000] "GET /hors_rmia? HTTP/1.1" 304 -
::1 - - [18/Sep/2022:01:59:29 +0000] "GET /rmia? HTTP/1.1" 304 -
::1 - - [18/Sep/2022:01:59:29 +0000] "GET /administration_central? HTTP/1.1" 304 -
::1 - - [18/Sep/2022:01:59:29 +0000] "GET /brigade? HTTP/1.1" 304 -
::1 - - [18/Sep/2022:01:59:29 +0000] "GET /bataillon? HTTP/1.1" 304 -
::1 - - [18/Sep/2022:01:59:29 +0000] "GET /companie? HTTP/1.1" 304 -
::1 - - [18/Sep/2022:01:59:59 +0000] "GET /vehicule/byQuery?marque=renault%20safrane HTTP/1.1" 200 3035
::1 - - [18/Sep/2022:02:01:17 +0000] "GET /vehicule/byQuery?marque=null HTTP/1.1" 200 2
::1 - - [18/Sep/2022:02:02:01 +0000] "GET /vehicule/byQuery?marque=renault%20safrane HTTP/1.1" 200 868
::1 - - [18/Sep/2022:02:03:43 +0000] "GET /vehicule? HTTP/1.1" 304 -
::1 - - [18/Sep/2022:02:03:46 +0000] "GET /marquedevehicule? HTTP/1.1" 304 -
::1 - - [18/Sep/2022:02:03:46 +0000] "GET /hors_rmia? HTTP/1.1" 304 -
::1 - - [18/Sep/2022:02:03:46 +0000] "GET /rmia? HTTP/1.1" 304 -
::1 - - [18/Sep/2022:02:03:46 +0000] "GET /administration_central? HTTP/1.1" 304 -
::1 - - [18/Sep/2022:02:03:46 +0000] "GET /brigade? HTTP/1.1" 304 -
::1 - - [18/Sep/2022:02:03:46 +0000] "GET /bataillon? HTTP/1.1" 304 -
::1 - - [18/Sep/2022:02:03:46 +0000] "GET /companie? HTTP/1.1" 304 -
::1 - - [18/Sep/2022:02:04:13 +0000] "GET /vehicule/byQuery?rmiaId=63232f12d29ff1192cd112b8brigadeId=632330d9296cba26fc59160cmarque=renault%20safrane HTTP/1.1" 500 466
::1 - - [18/Sep/2022:02:12:50 +0000] "GET /vehicule? HTTP/1.1" 304 -
::1 - - [18/Sep/2022:02:12:52 +0000] "GET /marquedevehicule? HTTP/1.1" 304 -
::1 - - [18/Sep/2022:02:12:52 +0000] "GET /hors_rmia? HTTP/1.1" 304 -
::1 - - [18/Sep/2022:02:12:52 +0000] "GET /administration_central? HTTP/1.1" 304 -
::1 - - [18/Sep/2022:02:12:52 +0000] "GET /rmia? HTTP/1.1" 304 -
::1 - - [18/Sep/2022:02:12:53 +0000] "GET /brigade? HTTP/1.1" 304 -
::1 - - [18/Sep/2022:02:12:53 +0000] "GET /bataillon? HTTP/1.1" 304 -
::1 - - [18/Sep/2022:02:12:53 +0000] "GET /companie? HTTP/1.1" 304 -
::1 - - [18/Sep/2022:02:13:13 +0000] "GET /vehicule/byQuery?rmiaId=63232f12d29ff1192cd112b8&brigadeId=632330d9296cba26fc59160c&marque=renault%20safrane HTTP/1.1" 200 467
::1 - - [18/Sep/2022:02:13:30 +0000] "GET /marquedevehicule? HTTP/1.1" 304 -
::1 - - [18/Sep/2022:02:13:30 +0000] "GET /hors_rmia? HTTP/1.1" 304 -
::1 - - [18/Sep/2022:02:13:30 +0000] "GET /rmia? HTTP/1.1" 304 -
::1 - - [18/Sep/2022:02:13:30 +0000] "GET /administration_central? HTTP/1.1" 304 -
::1 - - [18/Sep/2022:02:13:30 +0000] "GET /brigade? HTTP/1.1" 304 -
::1 - - [18/Sep/2022:02:13:30 +0000] "GET /bataillon? HTTP/1.1" 304 -
::1 - - [18/Sep/2022:02:13:30 +0000] "GET /companie? HTTP/1.1" 304 -
::1 - - [18/Sep/2022:02:13:56 +0000] "GET /vehicule/byQuery?rmiaId=63232f12d29ff1192cd112b8 HTTP/1.1" 200 1406
::1 - - [18/Sep/2022:01:17:23 +0000] "GET /vehicule/byQuery?numeroChassis=null&nouvelleImmatriculation=null&ancienneImmatriculation=null&anneeDeMiseEnService=null&marque=null HTTP/1.1" 500 355
::1 - - [18/Sep/2022:01:17:35 +0000] "GET /vehicule/byQuery?numeroChassis=null&nouvelleImmatriculation=null&ancienneImmatriculation=null&anneeDeMiseEnService=null&marque=null HTTP/1.1" 500 355
::1 - - [18/Sep/2022:01:17:53 +0000] "GET /marquedevehicule? HTTP/1.1" 304 -
::1 - - [18/Sep/2022:01:17:53 +0000] "GET /hors_rmia? HTTP/1.1" 304 -
::1 - - [18/Sep/2022:01:17:53 +0000] "GET /administration_central? HTTP/1.1" 304 -
::1 - - [18/Sep/2022:01:17:53 +0000] "GET /rmia? HTTP/1.1" 304 -
::1 - - [18/Sep/2022:01:17:53 +0000] "GET /brigade? HTTP/1.1" 304 -
::1 - - [18/Sep/2022:01:17:53 +0000] "GET /bataillon? HTTP/1.1" 304 -
::1 - - [18/Sep/2022:01:17:53 +0000] "GET /companie? HTTP/1.1" 304 -
::1 - - [18/Sep/2022:01:18:20 +0000] "GET /vehicule/byQuery?rmiaId=63232f12d29ff1192cd112b8 HTTP/1.1" 200 2659
::1 - - [18/Sep/2022:02:30:21 +0000] "GET /vehicule? HTTP/1.1" 304 -
::1 - - [18/Sep/2022:02:30:23 +0000] "GET /marquedevehicule? HTTP/1.1" 304 -
::1 - - [18/Sep/2022:02:30:23 +0000] "GET /rmia? HTTP/1.1" 304 -
::1 - - [18/Sep/2022:02:30:23 +0000] "GET /hors_rmia? HTTP/1.1" 304 -
::1 - - [18/Sep/2022:02:30:23 +0000] "GET /administration_central? HTTP/1.1" 304 -
::1 - - [18/Sep/2022:02:30:23 +0000] "GET /brigade? HTTP/1.1" 304 -
::1 - - [18/Sep/2022:02:30:24 +0000] "GET /bataillon? HTTP/1.1" 304 -
::1 - - [18/Sep/2022:02:30:24 +0000] "GET /companie? HTTP/1.1" 304 -
::1 - - [18/Sep/2022:02:30:36 +0000] "GET /vehicule/byQuery?rmiaId=63232f12d29ff1192cd112b8 HTTP/1.1" 304 -
::1 - - [18/Sep/2022:02:30:51 +0000] "GET /marquedevehicule? HTTP/1.1" 304 -
::1 - - [18/Sep/2022:02:30:51 +0000] "GET /administration_central? HTTP/1.1" 304 -
::1 - - [18/Sep/2022:02:30:51 +0000] "GET /hors_rmia? HTTP/1.1" 304 -
::1 - - [18/Sep/2022:02:30:51 +0000] "GET /rmia? HTTP/1.1" 304 -
::1 - - [18/Sep/2022:02:30:51 +0000] "GET /brigade? HTTP/1.1" 304 -
::1 - - [18/Sep/2022:02:30:51 +0000] "GET /bataillon? HTTP/1.1" 304 -
::1 - - [18/Sep/2022:02:30:51 +0000] "GET /companie? HTTP/1.1" 304 -
::1 - - [18/Sep/2022:02:31:11 +0000] "GET /vehicule/byQuery?horsrmiaId=6323d9f78b2c4e1ae4c7428c HTTP/1.1" 200 1088
::1 - - [18/Sep/2022:02:31:14 +0000] "GET /marquedevehicule? HTTP/1.1" 304 -
::1 - - [18/Sep/2022:02:31:14 +0000] "GET /hors_rmia? HTTP/1.1" 304 -
::1 - - [18/Sep/2022:02:31:14 +0000] "GET /administration_central? HTTP/1.1" 304 -
::1 - - [18/Sep/2022:02:31:14 +0000] "GET /rmia? HTTP/1.1" 304 -
::1 - - [18/Sep/2022:02:31:14 +0000] "GET /brigade? HTTP/1.1" 304 -
::1 - - [18/Sep/2022:02:31:14 +0000] "GET /bataillon? HTTP/1.1" 304 -
::1 - - [18/Sep/2022:02:31:14 +0000] "GET /companie? HTTP/1.1" 304 -
::1 - - [18/Sep/2022:02:31:28 +0000] "GET /vehicule/byQuery?admincentralId=6323dc37d322ec12f030c3a9 HTTP/1.1" 200 494
::1 - - [18/Sep/2022:02:32:40 +0000] "GET /marquedevehicule? HTTP/1.1" 304 -
::1 - - [18/Sep/2022:02:32:40 +0000] "GET /rmia? HTTP/1.1" 304 -
::1 - - [18/Sep/2022:02:32:40 +0000] "GET /hors_rmia? HTTP/1.1" 304 -
::1 - - [18/Sep/2022:02:32:40 +0000] "GET /administration_central? HTTP/1.1" 304 -
::1 - - [18/Sep/2022:02:32:40 +0000] "GET /brigade? HTTP/1.1" 304 -
::1 - - [18/Sep/2022:02:32:40 +0000] "GET /bataillon? HTTP/1.1" 304 -
::1 - - [18/Sep/2022:02:32:40 +0000] "GET /companie? HTTP/1.1" 304 -
::1 - - [18/Sep/2022:02:32:43 +0000] "GET /vehicule/byQuery?null HTTP/1.1" 200 2
::1 - - [18/Sep/2022:02:47:32 +0000] "GET /vehicule? HTTP/1.1" 304 -
::1 - - [18/Sep/2022:02:47:33 +0000] "GET /marquedevehicule? HTTP/1.1" 304 -
::1 - - [18/Sep/2022:02:47:33 +0000] "GET /hors_rmia? HTTP/1.1" 304 -
::1 - - [18/Sep/2022:02:47:33 +0000] "GET /administration_central? HTTP/1.1" 304 -
::1 - - [18/Sep/2022:02:47:33 +0000] "GET /rmia? HTTP/1.1" 304 -
::1 - - [18/Sep/2022:02:47:33 +0000] "GET /brigade? HTTP/1.1" 304 -
::1 - - [18/Sep/2022:02:47:33 +0000] "GET /bataillon? HTTP/1.1" 304 -
::1 - - [18/Sep/2022:02:47:34 +0000] "GET /companie? HTTP/1.1" 304 -
::1 - - [18/Sep/2022:02:47:44 +0000] "GET /vehicule/byQuery?null HTTP/1.1" 304 -
::1 - - [18/Sep/2022:02:48:59 +0000] "GET /vehicule? HTTP/1.1" 304 -
::1 - - [18/Sep/2022:02:49:01 +0000] "GET /marquedevehicule? HTTP/1.1" 304 -
::1 - - [18/Sep/2022:02:49:01 +0000] "GET /rmia? HTTP/1.1" 304 -
::1 - - [18/Sep/2022:02:49:01 +0000] "GET /hors_rmia? HTTP/1.1" 304 -
::1 - - [18/Sep/2022:02:49:01 +0000] "GET /administration_central? HTTP/1.1" 304 -
::1 - - [18/Sep/2022:02:49:02 +0000] "GET /brigade? HTTP/1.1" 304 -
::1 - - [18/Sep/2022:02:49:02 +0000] "GET /bataillon? HTTP/1.1" 304 -
::1 - - [18/Sep/2022:02:49:02 +0000] "GET /companie? HTTP/1.1" 304 -
::1 - - [18/Sep/2022:02:49:24 +0000] "GET /vehicule/byQuery?null HTTP/1.1" 304 -
::1 - - [18/Sep/2022:03:00:18 +0000] "GET /vehicule? HTTP/1.1" 304 -
::1 - - [18/Sep/2022:03:00:21 +0000] "GET /marquedevehicule? HTTP/1.1" 304 -
::1 - - [18/Sep/2022:03:00:21 +0000] "GET /hors_rmia? HTTP/1.1" 304 -
::1 - - [18/Sep/2022:03:00:21 +0000] "GET /rmia? HTTP/1.1" 304 -
::1 - - [18/Sep/2022:03:00:21 +0000] "GET /administration_central? HTTP/1.1" 304 -
::1 - - [18/Sep/2022:03:00:21 +0000] "GET /brigade? HTTP/1.1" 304 -
::1 - - [18/Sep/2022:03:00:21 +0000] "GET /bataillon? HTTP/1.1" 304 -
::1 - - [18/Sep/2022:03:00:21 +0000] "GET /companie? HTTP/1.1" 304 -
::1 - - [18/Sep/2022:03:00:29 +0000] "GET /vehicule/byQuery?null HTTP/1.1" 304 -
::1 - - [18/Sep/2022:03:02:06 +0000] "GET /vehicule? HTTP/1.1" 304 -
::1 - - [18/Sep/2022:03:02:09 +0000] "GET /marquedevehicule? HTTP/1.1" 304 -
::1 - - [18/Sep/2022:03:02:09 +0000] "GET /rmia? HTTP/1.1" 304 -
::1 - - [18/Sep/2022:03:02:09 +0000] "GET /hors_rmia? HTTP/1.1" 304 -
::1 - - [18/Sep/2022:03:02:09 +0000] "GET /administration_central? HTTP/1.1" 304 -
::1 - - [18/Sep/2022:03:02:09 +0000] "GET /brigade? HTTP/1.1" 304 -
::1 - - [18/Sep/2022:03:02:10 +0000] "GET /bataillon? HTTP/1.1" 304 -
::1 - - [18/Sep/2022:03:02:10 +0000] "GET /companie? HTTP/1.1" 304 -
::1 - - [18/Sep/2022:03:02:16 +0000] "GET /vehicule/byQuery?null HTTP/1.1" 304 -
::1 - - [18/Sep/2022:03:03:55 +0000] "GET /vehicule? HTTP/1.1" 304 -
::1 - - [18/Sep/2022:03:03:57 +0000] "GET /marquedevehicule? HTTP/1.1" 304 -
::1 - - [18/Sep/2022:03:03:57 +0000] "GET /rmia? HTTP/1.1" 304 -
::1 - - [18/Sep/2022:03:03:57 +0000] "GET /hors_rmia? HTTP/1.1" 304 -
::1 - - [18/Sep/2022:03:03:57 +0000] "GET /administration_central? HTTP/1.1" 304 -
::1 - - [18/Sep/2022:03:03:57 +0000] "GET /brigade? HTTP/1.1" 304 -
::1 - - [18/Sep/2022:03:03:57 +0000] "GET /bataillon? HTTP/1.1" 304 -
::1 - - [18/Sep/2022:03:03:57 +0000] "GET /companie? HTTP/1.1" 304 -
::1 - - [18/Sep/2022:03:04:06 +0000] "GET /vehicule/byQuery?null HTTP/1.1" 304 -
::1 - - [18/Sep/2022:03:12:26 +0000] "GET /vehicule? HTTP/1.1" 304 -
::1 - - [18/Sep/2022:03:12:28 +0000] "GET /marquedevehicule? HTTP/1.1" 304 -
::1 - - [18/Sep/2022:03:12:28 +0000] "GET /hors_rmia? HTTP/1.1" 304 -
::1 - - [18/Sep/2022:03:12:28 +0000] "GET /rmia? HTTP/1.1" 304 -
::1 - - [18/Sep/2022:03:12:28 +0000] "GET /administration_central? HTTP/1.1" 304 -
::1 - - [18/Sep/2022:03:12:29 +0000] "GET /brigade? HTTP/1.1" 304 -
::1 - - [18/Sep/2022:03:12:29 +0000] "GET /bataillon? HTTP/1.1" 304 -
::1 - - [18/Sep/2022:03:12:29 +0000] "GET /companie? HTTP/1.1" 304 -
::1 - - [18/Sep/2022:03:12:54 +0000] "GET /vehicule/byQuery?rmiaId=63232f12d29ff1192cd112b8&marque=renault%20safrane HTTP/1.1" 200 884
::1 - - [18/Sep/2022:03:13:13 +0000] "GET /marquedevehicule? HTTP/1.1" 304 -
::1 - - [18/Sep/2022:03:13:13 +0000] "GET /rmia? HTTP/1.1" 304 -
::1 - - [18/Sep/2022:03:13:13 +0000] "GET /hors_rmia? HTTP/1.1" 304 -
::1 - - [18/Sep/2022:03:13:13 +0000] "GET /administration_central? HTTP/1.1" 304 -
::1 - - [18/Sep/2022:03:13:13 +0000] "GET /brigade? HTTP/1.1" 304 -
::1 - - [18/Sep/2022:03:13:13 +0000] "GET /bataillon? HTTP/1.1" 304 -
::1 - - [18/Sep/2022:03:13:13 +0000] "GET /companie? HTTP/1.1" 304 -
::1 - - [18/Sep/2022:03:13:21 +0000] "GET /vehicule/byQuery?null HTTP/1.1" 304 -
::1 - - [18/Sep/2022:03:14:26 +0000] "GET /vehicule? HTTP/1.1" 304 -
::1 - - [18/Sep/2022:03:14:29 +0000] "GET /marquedevehicule? HTTP/1.1" 304 -
::1 - - [18/Sep/2022:03:14:29 +0000] "GET /rmia? HTTP/1.1" 304 -
::1 - - [18/Sep/2022:03:14:29 +0000] "GET /hors_rmia? HTTP/1.1" 304 -
::1 - - [18/Sep/2022:03:14:29 +0000] "GET /administration_central? HTTP/1.1" 304 -
::1 - - [18/Sep/2022:03:14:29 +0000] "GET /brigade? HTTP/1.1" 304 -
::1 - - [18/Sep/2022:03:14:29 +0000] "GET /bataillon? HTTP/1.1" 304 -
::1 - - [18/Sep/2022:03:14:29 +0000] "GET /companie? HTTP/1.1" 304 -
::1 - - [18/Sep/2022:03:14:35 +0000] "GET /vehicule/byQuery/all?parent=rmiaId HTTP/1.1" 200 2
::1 - - [18/Sep/2022:03:17:02 +0000] "GET /marquedevehicule? HTTP/1.1" 304 -
::1 - - [18/Sep/2022:03:17:02 +0000] "GET /hors_rmia? HTTP/1.1" 304 -
::1 - - [18/Sep/2022:03:17:02 +0000] "GET /administration_central? HTTP/1.1" 304 -
::1 - - [18/Sep/2022:03:17:02 +0000] "GET /rmia? HTTP/1.1" 304 -
::1 - - [18/Sep/2022:03:17:02 +0000] "GET /brigade? HTTP/1.1" 304 -
::1 - - [18/Sep/2022:03:17:02 +0000] "GET /bataillon? HTTP/1.1" 304 -
::1 - - [18/Sep/2022:03:17:02 +0000] "GET /companie? HTTP/1.1" 304 -
::1 - - [18/Sep/2022:03:17:09 +0000] "GET /vehicule/byQuery/all?parent=rmiaId HTTP/1.1" 200 4780
::1 - - [18/Sep/2022:03:17:23 +0000] "GET /marquedevehicule? HTTP/1.1" 304 -
::1 - - [18/Sep/2022:03:17:23 +0000] "GET /hors_rmia? HTTP/1.1" 304 -
::1 - - [18/Sep/2022:03:17:23 +0000] "GET /rmia? HTTP/1.1" 304 -
::1 - - [18/Sep/2022:03:17:23 +0000] "GET /administration_central? HTTP/1.1" 304 -
::1 - - [18/Sep/2022:03:17:24 +0000] "GET /brigade? HTTP/1.1" 304 -
::1 - - [18/Sep/2022:03:17:24 +0000] "GET /bataillon? HTTP/1.1" 304 -
::1 - - [18/Sep/2022:03:17:24 +0000] "GET /companie? HTTP/1.1" 304 -
::1 - - [18/Sep/2022:03:17:35 +0000] "GET /vehicule/byQuery/all?parent=rmiaId HTTP/1.1" 304 -
::1 - - [18/Sep/2022:03:30:27 +0000] "GET /marquedevehicule? HTTP/1.1" 304 -
::1 - - [18/Sep/2022:03:30:27 +0000] "GET /hors_rmia? HTTP/1.1" 304 -
::1 - - [18/Sep/2022:03:30:27 +0000] "GET /administration_central? HTTP/1.1" 304 -
::1 - - [18/Sep/2022:03:30:27 +0000] "GET /rmia? HTTP/1.1" 304 -
::1 - - [18/Sep/2022:03:30:27 +0000] "GET /brigade? HTTP/1.1" 304 -
::1 - - [18/Sep/2022:03:30:27 +0000] "GET /bataillon? HTTP/1.1" 304 -
::1 - - [18/Sep/2022:03:30:27 +0000] "GET /companie? HTTP/1.1" 304 -
::1 - - [18/Sep/2022:03:30:34 +0000] "GET /vehicule/byQuery/all?parent=rmiaId HTTP/1.1" 200 2683
::1 - - [18/Sep/2022:03:31:46 +0000] "GET /marquedevehicule? HTTP/1.1" 304 -
::1 - - [18/Sep/2022:03:31:46 +0000] "GET /administration_central? HTTP/1.1" 304 -
::1 - - [18/Sep/2022:03:31:46 +0000] "GET /hors_rmia? HTTP/1.1" 304 -
::1 - - [18/Sep/2022:03:31:46 +0000] "GET /rmia? HTTP/1.1" 304 -
::1 - - [18/Sep/2022:03:31:46 +0000] "GET /brigade? HTTP/1.1" 304 -
::1 - - [18/Sep/2022:03:31:46 +0000] "GET /bataillon? HTTP/1.1" 304 -
::1 - - [18/Sep/2022:03:31:46 +0000] "GET /companie? HTTP/1.1" 304 -
::1 - - [18/Sep/2022:03:31:53 +0000] "GET /vehicule/byQuery/all?parent=admincentralId HTTP/1.1" 200 2
::1 - - [18/Sep/2022:03:33:44 +0000] "GET /marquedevehicule? HTTP/1.1" 304 -
::1 - - [18/Sep/2022:03:33:44 +0000] "GET /hors_rmia? HTTP/1.1" 304 -
::1 - - [18/Sep/2022:03:33:44 +0000] "GET /administration_central? HTTP/1.1" 304 -
::1 - - [18/Sep/2022:03:33:44 +0000] "GET /rmia? HTTP/1.1" 304 -
::1 - - [18/Sep/2022:03:33:44 +0000] "GET /brigade? HTTP/1.1" 304 -
::1 - - [18/Sep/2022:03:33:44 +0000] "GET /bataillon? HTTP/1.1" 304 -
::1 - - [18/Sep/2022:03:33:44 +0000] "GET /companie? HTTP/1.1" 304 -
::1 - - [18/Sep/2022:03:33:51 +0000] "GET /vehicule/byQuery/all?parent=admincentralId HTTP/1.1" 304 -
::1 - - [18/Sep/2022:03:34:08 +0000] "GET /marquedevehicule? HTTP/1.1" 304 -
::1 - - [18/Sep/2022:03:34:08 +0000] "GET /rmia? HTTP/1.1" 304 -
::1 - - [18/Sep/2022:03:34:08 +0000] "GET /hors_rmia? HTTP/1.1" 304 -
::1 - - [18/Sep/2022:03:34:08 +0000] "GET /administration_central? HTTP/1.1" 304 -
::1 - - [18/Sep/2022:03:34:08 +0000] "GET /brigade? HTTP/1.1" 304 -
::1 - - [18/Sep/2022:03:34:08 +0000] "GET /bataillon? HTTP/1.1" 304 -
::1 - - [18/Sep/2022:03:34:08 +0000] "GET /companie? HTTP/1.1" 304 -
::1 - - [18/Sep/2022:03:34:13 +0000] "GET /vehicule/byQuery/all?parent=rmiaId HTTP/1.1" 200 2
::1 - - [18/Sep/2022:03:35:09 +0000] "GET /marquedevehicule? HTTP/1.1" 304 -
::1 - - [18/Sep/2022:03:35:09 +0000] "GET /administration_central? HTTP/1.1" 304 -
::1 - - [18/Sep/2022:03:35:09 +0000] "GET /hors_rmia? HTTP/1.1" 304 -
::1 - - [18/Sep/2022:03:35:09 +0000] "GET /rmia? HTTP/1.1" 304 -
::1 - - [18/Sep/2022:03:35:09 +0000] "GET /brigade? HTTP/1.1" 304 -
::1 - - [18/Sep/2022:03:35:09 +0000] "GET /bataillon? HTTP/1.1" 304 -
::1 - - [18/Sep/2022:03:35:09 +0000] "GET /companie? HTTP/1.1" 304 -
::1 - - [18/Sep/2022:03:35:21 +0000] "GET /vehicule/byQuery/all?parent=admincentralId HTTP/1.1" 200 1114
::1 - - [18/Sep/2022:03:44:06 +0000] "GET /marquedevehicule? HTTP/1.1" 304 -
::1 - - [18/Sep/2022:03:44:06 +0000] "GET /hors_rmia? HTTP/1.1" 304 -
::1 - - [18/Sep/2022:03:44:06 +0000] "GET /administration_central? HTTP/1.1" 304 -
::1 - - [18/Sep/2022:03:44:06 +0000] "GET /rmia? HTTP/1.1" 304 -
::1 - - [18/Sep/2022:03:44:06 +0000] "GET /brigade? HTTP/1.1" 304 -
::1 - - [18/Sep/2022:03:44:06 +0000] "GET /bataillon? HTTP/1.1" 304 -
::1 - - [18/Sep/2022:03:44:06 +0000] "GET /companie? HTTP/1.1" 304 -
::1 - - [18/Sep/2022:03:44:12 +0000] "GET /vehicule/byQuery/all?parent=rmiaId HTTP/1.1" 200 2683
::1 - - [18/Sep/2022:03:44:15 +0000] "GET /marquedevehicule? HTTP/1.1" 304 -
::1 - - [18/Sep/2022:03:44:15 +0000] "GET /rmia? HTTP/1.1" 304 -
::1 - - [18/Sep/2022:03:44:15 +0000] "GET /hors_rmia? HTTP/1.1" 304 -
::1 - - [18/Sep/2022:03:44:15 +0000] "GET /administration_central? HTTP/1.1" 304 -
::1 - - [18/Sep/2022:03:44:15 +0000] "GET /brigade? HTTP/1.1" 304 -
::1 - - [18/Sep/2022:03:44:15 +0000] "GET /bataillon? HTTP/1.1" 304 -
::1 - - [18/Sep/2022:03:44:15 +0000] "GET /companie? HTTP/1.1" 304 -
::1 - - [18/Sep/2022:03:44:32 +0000] "GET /vehicule/byQuery/all?parent=horsrmiaId HTTP/1.1" 200 1597
::1 - - [18/Sep/2022:03:44:37 +0000] "GET /marquedevehicule? HTTP/1.1" 304 -
::1 - - [18/Sep/2022:03:44:37 +0000] "GET /hors_rmia? HTTP/1.1" 304 -
::1 - - [18/Sep/2022:03:44:37 +0000] "GET /administration_central? HTTP/1.1" 304 -
::1 - - [18/Sep/2022:03:44:37 +0000] "GET /rmia? HTTP/1.1" 304 -
::1 - - [18/Sep/2022:03:44:37 +0000] "GET /brigade? HTTP/1.1" 304 -
::1 - - [18/Sep/2022:03:44:37 +0000] "GET /bataillon? HTTP/1.1" 304 -
::1 - - [18/Sep/2022:03:44:37 +0000] "GET /companie? HTTP/1.1" 304 -
::1 - - [18/Sep/2022:03:44:53 +0000] "GET /vehicule/byQuery/all?parent=admincentralId HTTP/1.1" 304 -
::1 - - [19/Sep/2022:07:05:31 +0000] "GET /metier? HTTP/1.1" 404 34
::1 - - [19/Sep/2022:07:10:55 +0000] "GET /metier? HTTP/1.1" 200 2
::1 - - [19/Sep/2022:07:11:16 +0000] "OPTIONS /metier? HTTP/1.1" 204 0
::1 - - [19/Sep/2022:07:11:18 +0000] "POST /metier? HTTP/1.1" 201 104
::1 - - [19/Sep/2022:07:11:31 +0000] "OPTIONS /metier? HTTP/1.1" 204 0
::1 - - [19/Sep/2022:07:11:31 +0000] "POST /metier? HTTP/1.1" 201 100
::1 - - [19/Sep/2022:07:11:38 +0000] "OPTIONS /metier? HTTP/1.1" 204 0
::1 - - [19/Sep/2022:07:11:38 +0000] "POST /metier? HTTP/1.1" 201 103
::1 - - [19/Sep/2022:07:11:49 +0000] "OPTIONS /metier? HTTP/1.1" 204 0
::1 - - [19/Sep/2022:07:11:49 +0000] "POST /metier? HTTP/1.1" 201 104
::1 - - [19/Sep/2022:07:11:53 +0000] "GET /metier? HTTP/1.1" 200 384
::1 - - [19/Sep/2022:07:29:16 +0000] "GET /grades? HTTP/1.1" 200 2
::1 - - [19/Sep/2022:07:30:18 +0000] "OPTIONS /grades? HTTP/1.1" 204 0
::1 - - [19/Sep/2022:07:30:19 +0000] "POST /grades? HTTP/1.1" 201 97
::1 - - [19/Sep/2022:07:30:26 +0000] "OPTIONS /grades? HTTP/1.1" 204 0
::1 - - [19/Sep/2022:07:30:26 +0000] "POST /grades? HTTP/1.1" 201 97
::1 - - [19/Sep/2022:07:30:31 +0000] "POST /grades? HTTP/1.1" 201 96
::1 - - [19/Sep/2022:07:30:42 +0000] "OPTIONS /grades? HTTP/1.1" 204 0
::1 - - [19/Sep/2022:07:30:42 +0000] "POST /grades? HTTP/1.1" 201 98
::1 - - [19/Sep/2022:07:30:48 +0000] "OPTIONS /grades? HTTP/1.1" 204 0
::1 - - [19/Sep/2022:07:30:48 +0000] "POST /grades? HTTP/1.1" 201 96
::1 - - [19/Sep/2022:07:30:58 +0000] "OPTIONS /grades? HTTP/1.1" 204 0
::1 - - [19/Sep/2022:07:30:58 +0000] "POST /grades? HTTP/1.1" 201 101
::1 - - [19/Sep/2022:07:31:10 +0000] "OPTIONS /grades? HTTP/1.1" 204 0
::1 - - [19/Sep/2022:07:31:10 +0000] "POST /grades? HTTP/1.1" 201 98
::1 - - [19/Sep/2022:07:31:15 +0000] "POST /grades? HTTP/1.1" 201 99
::1 - - [19/Sep/2022:07:31:18 +0000] "GET /grades? HTTP/1.1" 200 727
::1 - - [19/Sep/2022:07:31:29 +0000] "GET /metier? HTTP/1.1" 304 -
::1 - - [19/Sep/2022:07:31:33 +0000] "GET /diplome? HTTP/1.1" 404 34
::1 - - [19/Sep/2022:08:19:47 +0000] "GET /employe? HTTP/1.1" 404 34
::1 - - [19/Sep/2022:08:19:47 +0000] "GET /metier? HTTP/1.1" - -
::1 - - [19/Sep/2022:08:19:47 +0000] "GET /grades? HTTP/1.1" - -
::1 - - [19/Sep/2022:08:19:47 +0000] "GET /grades? HTTP/1.1" 200 727
::1 - - [19/Sep/2022:08:20:15 +0000] "GET /metier? HTTP/1.1" 200 384
::1 - - [19/Sep/2022:08:20:18 +0000] "GET /formation? HTTP/1.1" 200 2
::1 - - [19/Sep/2022:08:20:33 +0000] "OPTIONS /formation? HTTP/1.1" 204 0
::1 - - [19/Sep/2022:08:20:34 +0000] "POST /formation? HTTP/1.1" 201 92
::1 - - [19/Sep/2022:08:20:41 +0000] "OPTIONS /formation? HTTP/1.1" 204 0
::1 - - [19/Sep/2022:08:20:41 +0000] "POST /formation? HTTP/1.1" 201 94
::1 - - [19/Sep/2022:08:20:44 +0000] "GET /formation? HTTP/1.1" 200 173
::1 - - [19/Sep/2022:08:20:55 +0000] "GET /employe? HTTP/1.1" 404 34
::1 - - [19/Sep/2022:08:21:00 +0000] "GET /formation? HTTP/1.1" 304 -
::1 - - [19/Sep/2022:08:21:00 +0000] "GET /grades? HTTP/1.1" 304 -
::1 - - [19/Sep/2022:08:21:00 +0000] "GET /metier? HTTP/1.1" 304 -
::1 - - [19/Sep/2022:08:22:23 +0000] "GET /grades? HTTP/1.1" 304 -
::1 - - [19/Sep/2022:08:22:33 +0000] "GET /employe? HTTP/1.1" 404 34
::1 - - [19/Sep/2022:08:22:37 +0000] "GET /formation? HTTP/1.1" 304 -
::1 - - [19/Sep/2022:08:22:37 +0000] "GET /grades? HTTP/1.1" 304 -
::1 - - [19/Sep/2022:08:22:37 +0000] "GET /metier? HTTP/1.1" 304 -
::1 - - [19/Sep/2022:08:23:24 +0000] "GET /employe? HTTP/1.1" 404 34
::1 - - [19/Sep/2022:08:25:14 +0000] "GET /employe? HTTP/1.1" 404 34
::1 - - [19/Sep/2022:08:25:16 +0000] "GET /formation? HTTP/1.1" 304 -
::1 - - [19/Sep/2022:08:25:16 +0000] "GET /grades? HTTP/1.1" 304 -
::1 - - [19/Sep/2022:08:25:16 +0000] "GET /metier? HTTP/1.1" 304 -
::1 - - [19/Sep/2022:08:30:06 +0000] "GET /employe? HTTP/1.1" 404 34
::1 - - [19/Sep/2022:08:30:11 +0000] "GET /formation? HTTP/1.1" 304 -
::1 - - [19/Sep/2022:08:30:11 +0000] "GET /grades? HTTP/1.1" 304 -
::1 - - [19/Sep/2022:08:30:11 +0000] "GET /metier? HTTP/1.1" 304 -
::1 - - [19/Sep/2022:08:43:05 +0000] "GET /employe? HTTP/1.1" 404 34
::1 - - [19/Sep/2022:08:43:08 +0000] "GET /formation? HTTP/1.1" 304 -
::1 - - [19/Sep/2022:08:43:08 +0000] "GET /grades? HTTP/1.1" 304 -
::1 - - [19/Sep/2022:08:43:08 +0000] "GET /metier? HTTP/1.1" 304 -
::1 - - [19/Sep/2022:08:43:48 +0000] "GET /employe? HTTP/1.1" 404 34
::1 - - [19/Sep/2022:08:51:59 +0000] "GET /employe? HTTP/1.1" 404 34
::1 - - [19/Sep/2022:08:52:02 +0000] "GET /formation? HTTP/1.1" 304 -
::1 - - [19/Sep/2022:08:52:02 +0000] "GET /grades? HTTP/1.1" 304 -
::1 - - [19/Sep/2022:08:52:02 +0000] "GET /metier? HTTP/1.1" 304 -
::1 - - [19/Sep/2022:08:52:25 +0000] "GET /employe? HTTP/1.1" 404 34
::1 - - [19/Sep/2022:09:34:04 +0000] "GET /employe? HTTP/1.1" 200 6669
::1 - - [19/Sep/2022:09:34:07 +0000] "GET /formation? HTTP/1.1" 304 -
::1 - - [19/Sep/2022:09:34:07 +0000] "GET /grades? HTTP/1.1" 304 -
::1 - - [19/Sep/2022:09:34:07 +0000] "GET /metier? HTTP/1.1" 304 -
::1 - - [19/Sep/2022:09:36:15 +0000] "GET /employe? HTTP/1.1" 304 -
::1 - - [19/Sep/2022:09:37:10 +0000] "GET /employe? HTTP/1.1" 304 -
::1 - - [19/Sep/2022:09:37:12 +0000] "GET /formation? HTTP/1.1" 304 -
::1 - - [19/Sep/2022:09:37:12 +0000] "GET /grades? HTTP/1.1" 304 -
::1 - - [19/Sep/2022:09:37:12 +0000] "GET /metier? HTTP/1.1" 304 -
::1 - - [19/Sep/2022:10:47:32 +0000] "GET /grades? HTTP/1.1" 304 -
::1 - - [19/Sep/2022:10:47:40 +0000] "GET /employe? HTTP/1.1" 304 -
::1 - - [19/Sep/2022:10:47:43 +0000] "GET /formation? HTTP/1.1" 304 -
::1 - - [19/Sep/2022:10:47:43 +0000] "GET /grades? HTTP/1.1" 304 -
::1 - - [19/Sep/2022:10:47:43 +0000] "GET /metier? HTTP/1.1" 304 -
::1 - - [19/Sep/2022:10:52:56 +0000] "GET /grades? HTTP/1.1" 304 -
::1 - - [19/Sep/2022:10:53:04 +0000] "GET /employe? HTTP/1.1" 304 -
::1 - - [19/Sep/2022:10:53:06 +0000] "GET /formation? HTTP/1.1" 304 -
::1 - - [19/Sep/2022:10:53:06 +0000] "GET /metier? HTTP/1.1" 304 -
::1 - - [19/Sep/2022:10:53:06 +0000] "GET /grades? HTTP/1.1" 304 -
::1 - - [19/Sep/2022:11:08:50 +0000] "GET /employe? HTTP/1.1" 304 -
::1 - - [19/Sep/2022:11:08:53 +0000] "GET /formation? HTTP/1.1" 304 -
::1 - - [19/Sep/2022:11:08:53 +0000] "GET /grades? HTTP/1.1" 304 -
::1 - - [19/Sep/2022:11:08:53 +0000] "GET /metier? HTTP/1.1" 304 -
::1 - - [19/Sep/2022:11:09:31 +0000] "OPTIONS /employe? HTTP/1.1" 204 0
::1 - - [19/Sep/2022:11:09:31 +0000] "POST /employe? HTTP/1.1" 201 264
::1 - - [19/Sep/2022:11:12:53 +0000] "GET /employe? HTTP/1.1" 200 7143
::1 - - [19/Sep/2022:11:12:57 +0000] "GET /grades? HTTP/1.1" 304 -
::1 - - [19/Sep/2022:11:12:57 +0000] "GET /formation? HTTP/1.1" 304 -
::1 - - [19/Sep/2022:11:12:57 +0000] "GET /metier? HTTP/1.1" 304 -
::1 - - [19/Sep/2022:11:13:02 +0000] "GET /employe? HTTP/1.1" 304 -
::1 - - [19/Sep/2022:11:13:52 +0000] "GET /employe? HTTP/1.1" 304 -
